The system is: Linux - 4.2.0-25-generic - x86_64
Compiling the C compiler identification source file "CMakeCCompilerId.c" succeeded.
Compiler: /usr/bin/cc 
Build flags: ;-std=c89;-pedantic;-Wall;-Wno-unused-function;-fvisibility=hidden;-fPIC;-DXML_STATIC;-DFMI_XML_QUERY
Id flags: 

The output was:
0


Compilation of the C compiler identification source "CMakeCCompilerId.c" produced "a.out"

The C compiler identification is GNU, found in "/home/robbr48/h/Dependencies/FMILibrary-2.0.1/build-fmil/ExpatEx/CMakeFiles/3.2.2/CompilerIdC/a.out"

Compiling the CXX compiler identification source file "CMakeCXXCompilerId.cpp" succeeded.
Compiler: /usr/bin/c++ 
Build flags: 
Id flags: 

The output was:
0


Compilation of the CXX compiler identification source "CMakeCXXCompilerId.cpp" produced "a.out"

The CXX compiler identification is GNU, found in "/home/robbr48/h/Dependencies/FMILibrary-2.0.1/build-fmil/ExpatEx/CMakeFiles/3.2.2/CompilerIdCXX/a.out"

Determining if the C compiler works passed with the following output:
Change Dir: /home/robbr48/h/Dependencies/FMILibrary-2.0.1/build-fmil/ExpatEx/CMakeFiles/CMakeTmp

Run Build Command:"/usr/bin/make" "cmTryCompileExec3758861406/fast"
make[3]: Entering directory '/home/robbr48/Documents/Subversion/hopsan/Dependencies/FMILibrary-2.0.1/build-fmil/ExpatEx/CMakeFiles/CMakeTmp'
/usr/bin/make -f CMakeFiles/cmTryCompileExec3758861406.dir/build.make CMakeFiles/cmTryCompileExec3758861406.dir/build
make[4]: Entering directory '/home/robbr48/Documents/Subversion/hopsan/Dependencies/FMILibrary-2.0.1/build-fmil/ExpatEx/CMakeFiles/CMakeTmp'
/usr/bin/cmake -E cmake_progress_report /home/robbr48/h/Dependencies/FMILibrary-2.0.1/build-fmil/ExpatEx/CMakeFiles/CMakeTmp/CMakeFiles 1
Building C object CMakeFiles/cmTryCompileExec3758861406.dir/testCCompiler.c.o
/usr/bin/cc   -std=c89 -pedantic -Wall -Wno-unused-function -fvisibility=hidden -fPIC -DXML_STATIC -DFMI_XML_QUERY    -o CMakeFiles/cmTryCompileExec3758861406.dir/testCCompiler.c.o   -c /home/robbr48/h/Dependencies/FMILibrary-2.0.1/build-fmil/ExpatEx/CMakeFiles/CMakeTmp/testCCompiler.c
Linking C executable cmTryCompileExec3758861406
/usr/bin/cmake -E cmake_link_script CMakeFiles/cmTryCompileExec3758861406.dir/link.txt --verbose=1
/usr/bin/cc   -std=c89 -pedantic -Wall -Wno-unused-function -fvisibility=hidden -fPIC -DXML_STATIC -DFMI_XML_QUERY     CMakeFiles/cmTryCompileExec3758861406.dir/testCCompiler.c.o  -o cmTryCompileExec3758861406 -rdynamic 
make[4]: Leaving directory '/home/robbr48/Documents/Subversion/hopsan/Dependencies/FMILibrary-2.0.1/build-fmil/ExpatEx/CMakeFiles/CMakeTmp'
make[3]: Leaving directory '/home/robbr48/Documents/Subversion/hopsan/Dependencies/FMILibrary-2.0.1/build-fmil/ExpatEx/CMakeFiles/CMakeTmp'


Detecting C compiler ABI info compiled with the following output:
Change Dir: /home/robbr48/h/Dependencies/FMILibrary-2.0.1/build-fmil/ExpatEx/CMakeFiles/CMakeTmp

Run Build Command:"/usr/bin/make" "cmTryCompileExec3970902532/fast"
make[3]: Entering directory '/home/robbr48/Documents/Subversion/hopsan/Dependencies/FMILibrary-2.0.1/build-fmil/ExpatEx/CMakeFiles/CMakeTmp'
/usr/bin/make -f CMakeFiles/cmTryCompileExec3970902532.dir/build.make CMakeFiles/cmTryCompileExec3970902532.dir/build
make[4]: Entering directory '/home/robbr48/Documents/Subversion/hopsan/Dependencies/FMILibrary-2.0.1/build-fmil/ExpatEx/CMakeFiles/CMakeTmp'
/usr/bin/cmake -E cmake_progress_report /home/robbr48/h/Dependencies/FMILibrary-2.0.1/build-fmil/ExpatEx/CMakeFiles/CMakeTmp/CMakeFiles 1
Building C object CMakeFiles/cmTryCompileExec3970902532.dir/CMakeCCompilerABI.c.o
/usr/bin/cc   -std=c89 -pedantic -Wall -Wno-unused-function -fvisibility=hidden -fPIC -DXML_STATIC -DFMI_XML_QUERY    -o CMakeFiles/cmTryCompileExec3970902532.dir/CMakeCCompilerABI.c.o   -c /usr/share/cmake-3.2/Modules/CMakeCCompilerABI.c
Linking C executable cmTryCompileExec3970902532
/usr/bin/cmake -E cmake_link_script CMakeFiles/cmTryCompileExec3970902532.dir/link.txt --verbose=1
/usr/bin/cc   -std=c89 -pedantic -Wall -Wno-unused-function -fvisibility=hidden -fPIC -DXML_STATIC -DFMI_XML_QUERY    -v CMakeFiles/cmTryCompileExec3970902532.dir/CMakeCCompilerABI.c.o  -o cmTryCompileExec3970902532 -rdynamic  
Using built-in specs.
COLLECT_GCC=/usr/bin/cc
COLLECT_LTO_WRAPPER=/usr/lib/gcc/x86_64-linux-gnu/5/lto-wrapper
Target: x86_64-linux-gnu
Configured with: ../src/configure -v --with-pkgversion='Ubuntu 5.2.1-22ubuntu2' --with-bugurl=file:///usr/share/doc/gcc-5/README.Bugs --enable-languages=c,ada,c++,java,go,d,fortran,objc,obj-c++ --prefix=/usr --program-suffix=-5 --enable-shared --enable-linker-build-id --libexecdir=/usr/lib --without-included-gettext --enable-threads=posix --libdir=/usr/lib --enable-nls --with-sysroot=/ --enable-clocale=gnu --enable-libstdcxx-debug --enable-libstdcxx-time=yes --with-default-libstdcxx-abi=new --enable-gnu-unique-object --disable-vtable-verify --enable-libmpx --enable-plugin --with-system-zlib --disable-browser-plugin --enable-java-awt=gtk --enable-gtk-cairo --with-java-home=/usr/lib/jvm/java-1.5.0-gcj-5-amd64/jre --enable-java-home --with-jvm-root-dir=/usr/lib/jvm/java-1.5.0-gcj-5-amd64 --with-jvm-jar-dir=/usr/lib/jvm-exports/java-1.5.0-gcj-5-amd64 --with-arch-directory=amd64 --with-ecj-jar=/usr/share/java/eclipse-ecj.jar --enable-objc-gc --enable-multiarch --disable-werror --with-arch-32=i686 --with-abi=m64 --with-multilib-list=m32,m64,mx32 --enable-multilib --with-tune=generic --enable-checking=release --build=x86_64-linux-gnu --host=x86_64-linux-gnu --target=x86_64-linux-gnu
Thread model: posix
gcc version 5.2.1 20151010 (Ubuntu 5.2.1-22ubuntu2) 
COMPILER_PATH=/usr/lib/gcc/x86_64-linux-gnu/5/:/usr/lib/gcc/x86_64-linux-gnu/5/:/usr/lib/gcc/x86_64-linux-gnu/:/usr/lib/gcc/x86_64-linux-gnu/5/:/usr/lib/gcc/x86_64-linux-gnu/
LIBRARY_PATH=/usr/lib/gcc/x86_64-linux-gnu/5/:/usr/lib/gcc/x86_64-linux-gnu/5/../../../x86_64-linux-gnu/:/usr/lib/gcc/x86_64-linux-gnu/5/../../../../lib/:/lib/x86_64-linux-gnu/:/lib/../lib/:/usr/lib/x86_64-linux-gnu/:/usr/lib/../lib/:/usr/lib/gcc/x86_64-linux-gnu/5/../../../:/lib/:/usr/lib/
COLLECT_GCC_OPTIONS='-std=c90' '-Wpedantic' '-Wall' '-Wno-unused-function' '-fvisibility=hidden' '-fPIC' '-D' 'XML_STATIC' '-D' 'FMI_XML_QUERY' '-v' '-o' 'cmTryCompileExec3970902532' '-rdynamic' '-mtune=generic' '-march=x86-64'
 /usr/lib/gcc/x86_64-linux-gnu/5/collect2 -plugin /usr/lib/gcc/x86_64-linux-gnu/5/liblto_plugin.so -plugin-opt=/usr/lib/gcc/x86_64-linux-gnu/5/lto-wrapper -plugin-opt=-fresolution=/tmp/ccgiXJ54.res -plugin-opt=-pass-through=-lgcc -plugin-opt=-pass-through=-lgcc_s -plugin-opt=-pass-through=-lc -plugin-opt=-pass-through=-lgcc -plugin-opt=-pass-through=-lgcc_s --sysroot=/ --build-id --eh-frame-hdr -m elf_x86_64 --hash-style=gnu --as-needed -export-dynamic -dynamic-linker /lib64/ld-linux-x86-64.so.2 -z relro -o cmTryCompileExec3970902532 /usr/lib/gcc/x86_64-linux-gnu/5/../../../x86_64-linux-gnu/crt1.o /usr/lib/gcc/x86_64-linux-gnu/5/../../../x86_64-linux-gnu/crti.o /usr/lib/gcc/x86_64-linux-gnu/5/crtbegin.o -L/usr/lib/gcc/x86_64-linux-gnu/5 -L/usr/lib/gcc/x86_64-linux-gnu/5/../../../x86_64-linux-gnu -L/usr/lib/gcc/x86_64-linux-gnu/5/../../../../lib -L/lib/x86_64-linux-gnu -L/lib/../lib -L/usr/lib/x86_64-linux-gnu -L/usr/lib/../lib -L/usr/lib/gcc/x86_64-linux-gnu/5/../../.. CMakeFiles/cmTryCompileExec3970902532.dir/CMakeCCompilerABI.c.o -lgcc --as-needed -lgcc_s --no-as-needed -lc -lgcc --as-needed -lgcc_s --no-as-needed /usr/lib/gcc/x86_64-linux-gnu/5/crtend.o /usr/lib/gcc/x86_64-linux-gnu/5/../../../x86_64-linux-gnu/crtn.o
make[4]: Leaving directory '/home/robbr48/Documents/Subversion/hopsan/Dependencies/FMILibrary-2.0.1/build-fmil/ExpatEx/CMakeFiles/CMakeTmp'
make[3]: Leaving directory '/home/robbr48/Documents/Subversion/hopsan/Dependencies/FMILibrary-2.0.1/build-fmil/ExpatEx/CMakeFiles/CMakeTmp'


Parsed C implicit link information from above output:
  link line regex: [^( *|.*[/\])(ld|([^/\]+-)?ld|collect2)[^/\]*( |$)]
  ignore line: [Change Dir: /home/robbr48/h/Dependencies/FMILibrary-2.0.1/build-fmil/ExpatEx/CMakeFiles/CMakeTmp]
  ignore line: []
  ignore line: [Run Build Command:"/usr/bin/make" "cmTryCompileExec3970902532/fast"]
  ignore line: [make[3]: Entering directory '/home/robbr48/Documents/Subversion/hopsan/Dependencies/FMILibrary-2.0.1/build-fmil/ExpatEx/CMakeFiles/CMakeTmp']
  ignore line: [/usr/bin/make -f CMakeFiles/cmTryCompileExec3970902532.dir/build.make CMakeFiles/cmTryCompileExec3970902532.dir/build]
  ignore line: [make[4]: Entering directory '/home/robbr48/Documents/Subversion/hopsan/Dependencies/FMILibrary-2.0.1/build-fmil/ExpatEx/CMakeFiles/CMakeTmp']
  ignore line: [/usr/bin/cmake -E cmake_progress_report /home/robbr48/h/Dependencies/FMILibrary-2.0.1/build-fmil/ExpatEx/CMakeFiles/CMakeTmp/CMakeFiles 1]
  ignore line: [Building C object CMakeFiles/cmTryCompileExec3970902532.dir/CMakeCCompilerABI.c.o]
  ignore line: [/usr/bin/cc   -std=c89 -pedantic -Wall -Wno-unused-function -fvisibility=hidden -fPIC -DXML_STATIC -DFMI_XML_QUERY    -o CMakeFiles/cmTryCompileExec3970902532.dir/CMakeCCompilerABI.c.o   -c /usr/share/cmake-3.2/Modules/CMakeCCompilerABI.c]
  ignore line: [Linking C executable cmTryCompileExec3970902532]
  ignore line: [/usr/bin/cmake -E cmake_link_script CMakeFiles/cmTryCompileExec3970902532.dir/link.txt --verbose=1]
  ignore line: [/usr/bin/cc   -std=c89 -pedantic -Wall -Wno-unused-function -fvisibility=hidden -fPIC -DXML_STATIC -DFMI_XML_QUERY    -v CMakeFiles/cmTryCompileExec3970902532.dir/CMakeCCompilerABI.c.o  -o cmTryCompileExec3970902532 -rdynamic  ]
  ignore line: [Using built-in specs.]
  ignore line: [COLLECT_GCC=/usr/bin/cc]
  ignore line: [COLLECT_LTO_WRAPPER=/usr/lib/gcc/x86_64-linux-gnu/5/lto-wrapper]
  ignore line: [Target: x86_64-linux-gnu]
  ignore line: [Configured with: ../src/configure -v --with-pkgversion='Ubuntu 5.2.1-22ubuntu2' --with-bugurl=file:///usr/share/doc/gcc-5/README.Bugs --enable-languages=c,ada,c++,java,go,d,fortran,objc,obj-c++ --prefix=/usr --program-suffix=-5 --enable-shared --enable-linker-build-id --libexecdir=/usr/lib --without-included-gettext --enable-threads=posix --libdir=/usr/lib --enable-nls --with-sysroot=/ --enable-clocale=gnu --enable-libstdcxx-debug --enable-libstdcxx-time=yes --with-default-libstdcxx-abi=new --enable-gnu-unique-object --disable-vtable-verify --enable-libmpx --enable-plugin --with-system-zlib --disable-browser-plugin --enable-java-awt=gtk --enable-gtk-cairo --with-java-home=/usr/lib/jvm/java-1.5.0-gcj-5-amd64/jre --enable-java-home --with-jvm-root-dir=/usr/lib/jvm/java-1.5.0-gcj-5-amd64 --with-jvm-jar-dir=/usr/lib/jvm-exports/java-1.5.0-gcj-5-amd64 --with-arch-directory=amd64 --with-ecj-jar=/usr/share/java/eclipse-ecj.jar --enable-objc-gc --enable-multiarch --disable-werror --with-arch-32=i686 --with-abi=m64 --with-multilib-list=m32,m64,mx32 --enable-multilib --with-tune=generic --enable-checking=release --build=x86_64-linux-gnu --host=x86_64-linux-gnu --target=x86_64-linux-gnu]
  ignore line: [Thread model: posix]
  ignore line: [gcc version 5.2.1 20151010 (Ubuntu 5.2.1-22ubuntu2) ]
  ignore line: [COMPILER_PATH=/usr/lib/gcc/x86_64-linux-gnu/5/:/usr/lib/gcc/x86_64-linux-gnu/5/:/usr/lib/gcc/x86_64-linux-gnu/:/usr/lib/gcc/x86_64-linux-gnu/5/:/usr/lib/gcc/x86_64-linux-gnu/]
  ignore line: [LIBRARY_PATH=/usr/lib/gcc/x86_64-linux-gnu/5/:/usr/lib/gcc/x86_64-linux-gnu/5/../../../x86_64-linux-gnu/:/usr/lib/gcc/x86_64-linux-gnu/5/../../../../lib/:/lib/x86_64-linux-gnu/:/lib/../lib/:/usr/lib/x86_64-linux-gnu/:/usr/lib/../lib/:/usr/lib/gcc/x86_64-linux-gnu/5/../../../:/lib/:/usr/lib/]
  ignore line: [COLLECT_GCC_OPTIONS='-std=c90' '-Wpedantic' '-Wall' '-Wno-unused-function' '-fvisibility=hidden' '-fPIC' '-D' 'XML_STATIC' '-D' 'FMI_XML_QUERY' '-v' '-o' 'cmTryCompileExec3970902532' '-rdynamic' '-mtune=generic' '-march=x86-64']
  link line: [ /usr/lib/gcc/x86_64-linux-gnu/5/collect2 -plugin /usr/lib/gcc/x86_64-linux-gnu/5/liblto_plugin.so -plugin-opt=/usr/lib/gcc/x86_64-linux-gnu/5/lto-wrapper -plugin-opt=-fresolution=/tmp/ccgiXJ54.res -plugin-opt=-pass-through=-lgcc -plugin-opt=-pass-through=-lgcc_s -plugin-opt=-pass-through=-lc -plugin-opt=-pass-through=-lgcc -plugin-opt=-pass-through=-lgcc_s --sysroot=/ --build-id --eh-frame-hdr -m elf_x86_64 --hash-style=gnu --as-needed -export-dynamic -dynamic-linker /lib64/ld-linux-x86-64.so.2 -z relro -o cmTryCompileExec3970902532 /usr/lib/gcc/x86_64-linux-gnu/5/../../../x86_64-linux-gnu/crt1.o /usr/lib/gcc/x86_64-linux-gnu/5/../../../x86_64-linux-gnu/crti.o /usr/lib/gcc/x86_64-linux-gnu/5/crtbegin.o -L/usr/lib/gcc/x86_64-linux-gnu/5 -L/usr/lib/gcc/x86_64-linux-gnu/5/../../../x86_64-linux-gnu -L/usr/lib/gcc/x86_64-linux-gnu/5/../../../../lib -L/lib/x86_64-linux-gnu -L/lib/../lib -L/usr/lib/x86_64-linux-gnu -L/usr/lib/../lib -L/usr/lib/gcc/x86_64-linux-gnu/5/../../.. CMakeFiles/cmTryCompileExec3970902532.dir/CMakeCCompilerABI.c.o -lgcc --as-needed -lgcc_s --no-as-needed -lc -lgcc --as-needed -lgcc_s --no-as-needed /usr/lib/gcc/x86_64-linux-gnu/5/crtend.o /usr/lib/gcc/x86_64-linux-gnu/5/../../../x86_64-linux-gnu/crtn.o]
    arg [/usr/lib/gcc/x86_64-linux-gnu/5/collect2] ==> ignore
    arg [-plugin] ==> ignore
    arg [/usr/lib/gcc/x86_64-linux-gnu/5/liblto_plugin.so] ==> ignore
    arg [-plugin-opt=/usr/lib/gcc/x86_64-linux-gnu/5/lto-wrapper] ==> ignore
    arg [-plugin-opt=-fresolution=/tmp/ccgiXJ54.res] ==> ignore
    arg [-plugin-opt=-pass-through=-lgcc] ==> ignore
    arg [-plugin-opt=-pass-through=-lgcc_s] ==> ignore
    arg [-plugin-opt=-pass-through=-lc] ==> ignore
    arg [-plugin-opt=-pass-through=-lgcc] ==> ignore
    arg [-plugin-opt=-pass-through=-lgcc_s] ==> ignore
    arg [--sysroot=/] ==> ignore
    arg [--build-id] ==> ignore
    arg [--eh-frame-hdr] ==> ignore
    arg [-m] ==> ignore
    arg [elf_x86_64] ==> ignore
    arg [--hash-style=gnu] ==> ignore
    arg [--as-needed] ==> ignore
    arg [-export-dynamic] ==> ignore
    arg [-dynamic-linker] ==> ignore
    arg [/lib64/ld-linux-x86-64.so.2] ==> ignore
    arg [-zrelro] ==> ignore
    arg [-o] ==> ignore
    arg [cmTryCompileExec3970902532] ==> ignore
    arg [/usr/lib/gcc/x86_64-linux-gnu/5/../../../x86_64-linux-gnu/crt1.o] ==> ignore
    arg [/usr/lib/gcc/x86_64-linux-gnu/5/../../../x86_64-linux-gnu/crti.o] ==> ignore
    arg [/usr/lib/gcc/x86_64-linux-gnu/5/crtbegin.o] ==> ignore
    arg [-L/usr/lib/gcc/x86_64-linux-gnu/5] ==> dir [/usr/lib/gcc/x86_64-linux-gnu/5]
    arg [-L/usr/lib/gcc/x86_64-linux-gnu/5/../../../x86_64-linux-gnu] ==> dir [/usr/lib/gcc/x86_64-linux-gnu/5/../../../x86_64-linux-gnu]
    arg [-L/usr/lib/gcc/x86_64-linux-gnu/5/../../../../lib] ==> dir [/usr/lib/gcc/x86_64-linux-gnu/5/../../../../lib]
    arg [-L/lib/x86_64-linux-gnu] ==> dir [/lib/x86_64-linux-gnu]
    arg [-L/lib/../lib] ==> dir [/lib/../lib]
    arg [-L/usr/lib/x86_64-linux-gnu] ==> dir [/usr/lib/x86_64-linux-gnu]
    arg [-L/usr/lib/../lib] ==> dir [/usr/lib/../lib]
    arg [-L/usr/lib/gcc/x86_64-linux-gnu/5/../../..] ==> dir [/usr/lib/gcc/x86_64-linux-gnu/5/../../..]
    arg [CMakeFiles/cmTryCompileExec3970902532.dir/CMakeCCompilerABI.c.o] ==> ignore
    arg [-lgcc] ==> lib [gcc]
    arg [--as-needed] ==> ignore
    arg [-lgcc_s] ==> lib [gcc_s]
    arg [--no-as-needed] ==> ignore
    arg [-lc] ==> lib [c]
    arg [-lgcc] ==> lib [gcc]
    arg [--as-needed] ==> ignore
    arg [-lgcc_s] ==> lib [gcc_s]
    arg [--no-as-needed] ==> ignore
    arg [/usr/lib/gcc/x86_64-linux-gnu/5/crtend.o] ==> ignore
    arg [/usr/lib/gcc/x86_64-linux-gnu/5/../../../x86_64-linux-gnu/crtn.o] ==> ignore
  remove lib [gcc]
  remove lib [gcc_s]
  remove lib [gcc]
  remove lib [gcc_s]
  collapse library dir [/usr/lib/gcc/x86_64-linux-gnu/5] ==> [/usr/lib/gcc/x86_64-linux-gnu/5]
  collapse library dir [/usr/lib/gcc/x86_64-linux-gnu/5/../../../x86_64-linux-gnu] ==> [/usr/lib/x86_64-linux-gnu]
  collapse library dir [/usr/lib/gcc/x86_64-linux-gnu/5/../../../../lib] ==> [/usr/lib]
  collapse library dir [/lib/x86_64-linux-gnu] ==> [/lib/x86_64-linux-gnu]
  collapse library dir [/lib/../lib] ==> [/lib]
  collapse library dir [/usr/lib/x86_64-linux-gnu] ==> [/usr/lib/x86_64-linux-gnu]
  collapse library dir [/usr/lib/../lib] ==> [/usr/lib]
  collapse library dir [/usr/lib/gcc/x86_64-linux-gnu/5/../../..] ==> [/usr/lib]
  implicit libs: [c]
  implicit dirs: [/usr/lib/gcc/x86_64-linux-gnu/5;/usr/lib/x86_64-linux-gnu;/usr/lib;/lib/x86_64-linux-gnu;/lib]
  implicit fwks: []




Detecting C [-std=c11] compiler features compiled with the following output:
Change Dir: /home/robbr48/h/Dependencies/FMILibrary-2.0.1/build-fmil/ExpatEx/CMakeFiles/CMakeTmp

Run Build Command:"/usr/bin/make" "cmTryCompileExec460164885/fast"
make[3]: Entering directory '/home/robbr48/Documents/Subversion/hopsan/Dependencies/FMILibrary-2.0.1/build-fmil/ExpatEx/CMakeFiles/CMakeTmp'
/usr/bin/make -f CMakeFiles/cmTryCompileExec460164885.dir/build.make CMakeFiles/cmTryCompileExec460164885.dir/build
make[4]: Entering directory '/home/robbr48/Documents/Subversion/hopsan/Dependencies/FMILibrary-2.0.1/build-fmil/ExpatEx/CMakeFiles/CMakeTmp'
/usr/bin/cmake -E cmake_progress_report /home/robbr48/h/Dependencies/FMILibrary-2.0.1/build-fmil/ExpatEx/CMakeFiles/CMakeTmp/CMakeFiles 1
Building C object CMakeFiles/cmTryCompileExec460164885.dir/feature_tests.c.o
/usr/bin/cc   -std=c89 -pedantic -Wall -Wno-unused-function -fvisibility=hidden -fPIC -DXML_STATIC -DFMI_XML_QUERY    -std=c11 -o CMakeFiles/cmTryCompileExec460164885.dir/feature_tests.c.o   -c /home/robbr48/h/Dependencies/FMILibrary-2.0.1/build-fmil/ExpatEx/CMakeFiles/feature_tests.c
Linking C executable cmTryCompileExec460164885
/usr/bin/cmake -E cmake_link_script CMakeFiles/cmTryCompileExec460164885.dir/link.txt --verbose=1
/usr/bin/cc   -std=c89 -pedantic -Wall -Wno-unused-function -fvisibility=hidden -fPIC -DXML_STATIC -DFMI_XML_QUERY     CMakeFiles/cmTryCompileExec460164885.dir/feature_tests.c.o  -o cmTryCompileExec460164885 -rdynamic 
make[4]: Leaving directory '/home/robbr48/Documents/Subversion/hopsan/Dependencies/FMILibrary-2.0.1/build-fmil/ExpatEx/CMakeFiles/CMakeTmp'
make[3]: Leaving directory '/home/robbr48/Documents/Subversion/hopsan/Dependencies/FMILibrary-2.0.1/build-fmil/ExpatEx/CMakeFiles/CMakeTmp'


    Feature record: C_FEATURE:1c_function_prototypes
    Feature record: C_FEATURE:1c_restrict
    Feature record: C_FEATURE:1c_static_assert
    Feature record: C_FEATURE:1c_variadic_macros


Detecting C [-std=c99] compiler features compiled with the following output:
Change Dir: /home/robbr48/h/Dependencies/FMILibrary-2.0.1/build-fmil/ExpatEx/CMakeFiles/CMakeTmp

Run Build Command:"/usr/bin/make" "cmTryCompileExec89695174/fast"
make[3]: Entering directory '/home/robbr48/Documents/Subversion/hopsan/Dependencies/FMILibrary-2.0.1/build-fmil/ExpatEx/CMakeFiles/CMakeTmp'
/usr/bin/make -f CMakeFiles/cmTryCompileExec89695174.dir/build.make CMakeFiles/cmTryCompileExec89695174.dir/build
make[4]: Entering directory '/home/robbr48/Documents/Subversion/hopsan/Dependencies/FMILibrary-2.0.1/build-fmil/ExpatEx/CMakeFiles/CMakeTmp'
/usr/bin/cmake -E cmake_progress_report /home/robbr48/h/Dependencies/FMILibrary-2.0.1/build-fmil/ExpatEx/CMakeFiles/CMakeTmp/CMakeFiles 1
Building C object CMakeFiles/cmTryCompileExec89695174.dir/feature_tests.c.o
/usr/bin/cc   -std=c89 -pedantic -Wall -Wno-unused-function -fvisibility=hidden -fPIC -DXML_STATIC -DFMI_XML_QUERY    -std=c99 -o CMakeFiles/cmTryCompileExec89695174.dir/feature_tests.c.o   -c /home/robbr48/h/Dependencies/FMILibrary-2.0.1/build-fmil/ExpatEx/CMakeFiles/feature_tests.c
Linking C executable cmTryCompileExec89695174
/usr/bin/cmake -E cmake_link_script CMakeFiles/cmTryCompileExec89695174.dir/link.txt --verbose=1
/usr/bin/cc   -std=c89 -pedantic -Wall -Wno-unused-function -fvisibility=hidden -fPIC -DXML_STATIC -DFMI_XML_QUERY     CMakeFiles/cmTryCompileExec89695174.dir/feature_tests.c.o  -o cmTryCompileExec89695174 -rdynamic 
make[4]: Leaving directory '/home/robbr48/Documents/Subversion/hopsan/Dependencies/FMILibrary-2.0.1/build-fmil/ExpatEx/CMakeFiles/CMakeTmp'
make[3]: Leaving directory '/home/robbr48/Documents/Subversion/hopsan/Dependencies/FMILibrary-2.0.1/build-fmil/ExpatEx/CMakeFiles/CMakeTmp'


    Feature record: C_FEATURE:1c_function_prototypes
    Feature record: C_FEATURE:1c_restrict
    Feature record: C_FEATURE:0c_static_assert
    Feature record: C_FEATURE:1c_variadic_macros


Detecting C [-std=c90] compiler features compiled with the following output:
Change Dir: /home/robbr48/h/Dependencies/FMILibrary-2.0.1/build-fmil/ExpatEx/CMakeFiles/CMakeTmp

Run Build Command:"/usr/bin/make" "cmTryCompileExec3170310035/fast"
make[3]: Entering directory '/home/robbr48/Documents/Subversion/hopsan/Dependencies/FMILibrary-2.0.1/build-fmil/ExpatEx/CMakeFiles/CMakeTmp'
/usr/bin/make -f CMakeFiles/cmTryCompileExec3170310035.dir/build.make CMakeFiles/cmTryCompileExec3170310035.dir/build
make[4]: Entering directory '/home/robbr48/Documents/Subversion/hopsan/Dependencies/FMILibrary-2.0.1/build-fmil/ExpatEx/CMakeFiles/CMakeTmp'
/usr/bin/cmake -E cmake_progress_report /home/robbr48/h/Dependencies/FMILibrary-2.0.1/build-fmil/ExpatEx/CMakeFiles/CMakeTmp/CMakeFiles 1
Building C object CMakeFiles/cmTryCompileExec3170310035.dir/feature_tests.c.o
/usr/bin/cc   -std=c89 -pedantic -Wall -Wno-unused-function -fvisibility=hidden -fPIC -DXML_STATIC -DFMI_XML_QUERY    -std=c90 -o CMakeFiles/cmTryCompileExec3170310035.dir/feature_tests.c.o   -c /home/robbr48/h/Dependencies/FMILibrary-2.0.1/build-fmil/ExpatEx/CMakeFiles/feature_tests.c
Linking C executable cmTryCompileExec3170310035
/usr/bin/cmake -E cmake_link_script CMakeFiles/cmTryCompileExec3170310035.dir/link.txt --verbose=1
/usr/bin/cc   -std=c89 -pedantic -Wall -Wno-unused-function -fvisibility=hidden -fPIC -DXML_STATIC -DFMI_XML_QUERY     CMakeFiles/cmTryCompileExec3170310035.dir/feature_tests.c.o  -o cmTryCompileExec3170310035 -rdynamic 
make[4]: Leaving directory '/home/robbr48/Documents/Subversion/hopsan/Dependencies/FMILibrary-2.0.1/build-fmil/ExpatEx/CMakeFiles/CMakeTmp'
make[3]: Leaving directory '/home/robbr48/Documents/Subversion/hopsan/Dependencies/FMILibrary-2.0.1/build-fmil/ExpatEx/CMakeFiles/CMakeTmp'


    Feature record: C_FEATURE:1c_function_prototypes
    Feature record: C_FEATURE:0c_restrict
    Feature record: C_FEATURE:0c_static_assert
    Feature record: C_FEATURE:0c_variadic_macros
Determining if the CXX compiler works passed with the following output:
Change Dir: /home/robbr48/h/Dependencies/FMILibrary-2.0.1/build-fmil/ExpatEx/CMakeFiles/CMakeTmp

Run Build Command:"/usr/bin/make" "cmTryCompileExec3241353780/fast"
make[3]: Entering directory '/home/robbr48/Documents/Subversion/hopsan/Dependencies/FMILibrary-2.0.1/build-fmil/ExpatEx/CMakeFiles/CMakeTmp'
/usr/bin/make -f CMakeFiles/cmTryCompileExec3241353780.dir/build.make CMakeFiles/cmTryCompileExec3241353780.dir/build
make[4]: Entering directory '/home/robbr48/Documents/Subversion/hopsan/Dependencies/FMILibrary-2.0.1/build-fmil/ExpatEx/CMakeFiles/CMakeTmp'
/usr/bin/cmake -E cmake_progress_report /home/robbr48/h/Dependencies/FMILibrary-2.0.1/build-fmil/ExpatEx/CMakeFiles/CMakeTmp/CMakeFiles 1
Building CXX object CMakeFiles/cmTryCompileExec3241353780.dir/testCXXCompiler.cxx.o
/usr/bin/c++     -o CMakeFiles/cmTryCompileExec3241353780.dir/testCXXCompiler.cxx.o -c /home/robbr48/h/Dependencies/FMILibrary-2.0.1/build-fmil/ExpatEx/CMakeFiles/CMakeTmp/testCXXCompiler.cxx
Linking CXX executable cmTryCompileExec3241353780
/usr/bin/cmake -E cmake_link_script CMakeFiles/cmTryCompileExec3241353780.dir/link.txt --verbose=1
/usr/bin/c++        CMakeFiles/cmTryCompileExec3241353780.dir/testCXXCompiler.cxx.o  -o cmTryCompileExec3241353780 -rdynamic 
make[4]: Leaving directory '/home/robbr48/Documents/Subversion/hopsan/Dependencies/FMILibrary-2.0.1/build-fmil/ExpatEx/CMakeFiles/CMakeTmp'
make[3]: Leaving directory '/home/robbr48/Documents/Subversion/hopsan/Dependencies/FMILibrary-2.0.1/build-fmil/ExpatEx/CMakeFiles/CMakeTmp'


Detecting CXX compiler ABI info compiled with the following output:
Change Dir: /home/robbr48/h/Dependencies/FMILibrary-2.0.1/build-fmil/ExpatEx/CMakeFiles/CMakeTmp

Run Build Command:"/usr/bin/make" "cmTryCompileExec3395611122/fast"
make[3]: Entering directory '/home/robbr48/Documents/Subversion/hopsan/Dependencies/FMILibrary-2.0.1/build-fmil/ExpatEx/CMakeFiles/CMakeTmp'
/usr/bin/make -f CMakeFiles/cmTryCompileExec3395611122.dir/build.make CMakeFiles/cmTryCompileExec3395611122.dir/build
make[4]: Entering directory '/home/robbr48/Documents/Subversion/hopsan/Dependencies/FMILibrary-2.0.1/build-fmil/ExpatEx/CMakeFiles/CMakeTmp'
/usr/bin/cmake -E cmake_progress_report /home/robbr48/h/Dependencies/FMILibrary-2.0.1/build-fmil/ExpatEx/CMakeFiles/CMakeTmp/CMakeFiles 1
Building CXX object CMakeFiles/cmTryCompileExec3395611122.dir/CMakeCXXCompilerABI.cpp.o
/usr/bin/c++     -o CMakeFiles/cmTryCompileExec3395611122.dir/CMakeCXXCompilerABI.cpp.o -c /usr/share/cmake-3.2/Modules/CMakeCXXCompilerABI.cpp
Linking CXX executable cmTryCompileExec3395611122
/usr/bin/cmake -E cmake_link_script CMakeFiles/cmTryCompileExec3395611122.dir/link.txt --verbose=1
/usr/bin/c++       -v CMakeFiles/cmTryCompileExec3395611122.dir/CMakeCXXCompilerABI.cpp.o  -o cmTryCompileExec3395611122 -rdynamic  
Using built-in specs.
COLLECT_GCC=/usr/bin/c++
COLLECT_LTO_WRAPPER=/usr/lib/gcc/x86_64-linux-gnu/5/lto-wrapper
Target: x86_64-linux-gnu
Configured with: ../src/configure -v --with-pkgversion='Ubuntu 5.2.1-22ubuntu2' --with-bugurl=file:///usr/share/doc/gcc-5/README.Bugs --enable-languages=c,ada,c++,java,go,d,fortran,objc,obj-c++ --prefix=/usr --program-suffix=-5 --enable-shared --enable-linker-build-id --libexecdir=/usr/lib --without-included-gettext --enable-threads=posix --libdir=/usr/lib --enable-nls --with-sysroot=/ --enable-clocale=gnu --enable-libstdcxx-debug --enable-libstdcxx-time=yes --with-default-libstdcxx-abi=new --enable-gnu-unique-object --disable-vtable-verify --enable-libmpx --enable-plugin --with-system-zlib --disable-browser-plugin --enable-java-awt=gtk --enable-gtk-cairo --with-java-home=/usr/lib/jvm/java-1.5.0-gcj-5-amd64/jre --enable-java-home --with-jvm-root-dir=/usr/lib/jvm/java-1.5.0-gcj-5-amd64 --with-jvm-jar-dir=/usr/lib/jvm-exports/java-1.5.0-gcj-5-amd64 --with-arch-directory=amd64 --with-ecj-jar=/usr/share/java/eclipse-ecj.jar --enable-objc-gc --enable-multiarch --disable-werror --with-arch-32=i686 --with-abi=m64 --with-multilib-list=m32,m64,mx32 --enable-multilib --with-tune=generic --enable-checking=release --build=x86_64-linux-gnu --host=x86_64-linux-gnu --target=x86_64-linux-gnu
Thread model: posix
gcc version 5.2.1 20151010 (Ubuntu 5.2.1-22ubuntu2) 
COMPILER_PATH=/usr/lib/gcc/x86_64-linux-gnu/5/:/usr/lib/gcc/x86_64-linux-gnu/5/:/usr/lib/gcc/x86_64-linux-gnu/:/usr/lib/gcc/x86_64-linux-gnu/5/:/usr/lib/gcc/x86_64-linux-gnu/
LIBRARY_PATH=/usr/lib/gcc/x86_64-linux-gnu/5/:/usr/lib/gcc/x86_64-linux-gnu/5/../../../x86_64-linux-gnu/:/usr/lib/gcc/x86_64-linux-gnu/5/../../../../lib/:/lib/x86_64-linux-gnu/:/lib/../lib/:/usr/lib/x86_64-linux-gnu/:/usr/lib/../lib/:/usr/lib/gcc/x86_64-linux-gnu/5/../../../:/lib/:/usr/lib/
COLLECT_GCC_OPTIONS='-v' '-o' 'cmTryCompileExec3395611122' '-rdynamic' '-shared-libgcc' '-mtune=generic' '-march=x86-64'
 /usr/lib/gcc/x86_64-linux-gnu/5/collect2 -plugin /usr/lib/gcc/x86_64-linux-gnu/5/liblto_plugin.so -plugin-opt=/usr/lib/gcc/x86_64-linux-gnu/5/lto-wrapper -plugin-opt=-fresolution=/tmp/ccn7I38v.res -plugin-opt=-pass-through=-lgcc_s -plugin-opt=-pass-through=-lgcc -plugin-opt=-pass-through=-lc -plugin-opt=-pass-through=-lgcc_s -plugin-opt=-pass-through=-lgcc --sysroot=/ --build-id --eh-frame-hdr -m elf_x86_64 --hash-style=gnu --as-needed -export-dynamic -dynamic-linker /lib64/ld-linux-x86-64.so.2 -z relro -o cmTryCompileExec3395611122 /usr/lib/gcc/x86_64-linux-gnu/5/../../../x86_64-linux-gnu/crt1.o /usr/lib/gcc/x86_64-linux-gnu/5/../../../x86_64-linux-gnu/crti.o /usr/lib/gcc/x86_64-linux-gnu/5/crtbegin.o -L/usr/lib/gcc/x86_64-linux-gnu/5 -L/usr/lib/gcc/x86_64-linux-gnu/5/../../../x86_64-linux-gnu -L/usr/lib/gcc/x86_64-linux-gnu/5/../../../../lib -L/lib/x86_64-linux-gnu -L/lib/../lib -L/usr/lib/x86_64-linux-gnu -L/usr/lib/../lib -L/usr/lib/gcc/x86_64-linux-gnu/5/../../.. CMakeFiles/cmTryCompileExec3395611122.dir/CMakeCXXCompilerABI.cpp.o -lstdc++ -lm -lgcc_s -lgcc -lc -lgcc_s -lgcc /usr/lib/gcc/x86_64-linux-gnu/5/crtend.o /usr/lib/gcc/x86_64-linux-gnu/5/../../../x86_64-linux-gnu/crtn.o
make[4]: Leaving directory '/home/robbr48/Documents/Subversion/hopsan/Dependencies/FMILibrary-2.0.1/build-fmil/ExpatEx/CMakeFiles/CMakeTmp'
make[3]: Leaving directory '/home/robbr48/Documents/Subversion/hopsan/Dependencies/FMILibrary-2.0.1/build-fmil/ExpatEx/CMakeFiles/CMakeTmp'


Parsed CXX implicit link information from above output:
  link line regex: [^( *|.*[/\])(ld|([^/\]+-)?ld|collect2)[^/\]*( |$)]
  ignore line: [Change Dir: /home/robbr48/h/Dependencies/FMILibrary-2.0.1/build-fmil/ExpatEx/CMakeFiles/CMakeTmp]
  ignore line: []
  ignore line: [Run Build Command:"/usr/bin/make" "cmTryCompileExec3395611122/fast"]
  ignore line: [make[3]: Entering directory '/home/robbr48/Documents/Subversion/hopsan/Dependencies/FMILibrary-2.0.1/build-fmil/ExpatEx/CMakeFiles/CMakeTmp']
  ignore line: [/usr/bin/make -f CMakeFiles/cmTryCompileExec3395611122.dir/build.make CMakeFiles/cmTryCompileExec3395611122.dir/build]
  ignore line: [make[4]: Entering directory '/home/robbr48/Documents/Subversion/hopsan/Dependencies/FMILibrary-2.0.1/build-fmil/ExpatEx/CMakeFiles/CMakeTmp']
  ignore line: [/usr/bin/cmake -E cmake_progress_report /home/robbr48/h/Dependencies/FMILibrary-2.0.1/build-fmil/ExpatEx/CMakeFiles/CMakeTmp/CMakeFiles 1]
  ignore line: [Building CXX object CMakeFiles/cmTryCompileExec3395611122.dir/CMakeCXXCompilerABI.cpp.o]
  ignore line: [/usr/bin/c++     -o CMakeFiles/cmTryCompileExec3395611122.dir/CMakeCXXCompilerABI.cpp.o -c /usr/share/cmake-3.2/Modules/CMakeCXXCompilerABI.cpp]
  ignore line: [Linking CXX executable cmTryCompileExec3395611122]
  ignore line: [/usr/bin/cmake -E cmake_link_script CMakeFiles/cmTryCompileExec3395611122.dir/link.txt --verbose=1]
  ignore line: [/usr/bin/c++       -v CMakeFiles/cmTryCompileExec3395611122.dir/CMakeCXXCompilerABI.cpp.o  -o cmTryCompileExec3395611122 -rdynamic  ]
  ignore line: [Using built-in specs.]
  ignore line: [COLLECT_GCC=/usr/bin/c++]
  ignore line: [COLLECT_LTO_WRAPPER=/usr/lib/gcc/x86_64-linux-gnu/5/lto-wrapper]
  ignore line: [Target: x86_64-linux-gnu]
  ignore line: [Configured with: ../src/configure -v --with-pkgversion='Ubuntu 5.2.1-22ubuntu2' --with-bugurl=file:///usr/share/doc/gcc-5/README.Bugs --enable-languages=c,ada,c++,java,go,d,fortran,objc,obj-c++ --prefix=/usr --program-suffix=-5 --enable-shared --enable-linker-build-id --libexecdir=/usr/lib --without-included-gettext --enable-threads=posix --libdir=/usr/lib --enable-nls --with-sysroot=/ --enable-clocale=gnu --enable-libstdcxx-debug --enable-libstdcxx-time=yes --with-default-libstdcxx-abi=new --enable-gnu-unique-object --disable-vtable-verify --enable-libmpx --enable-plugin --with-system-zlib --disable-browser-plugin --enable-java-awt=gtk --enable-gtk-cairo --with-java-home=/usr/lib/jvm/java-1.5.0-gcj-5-amd64/jre --enable-java-home --with-jvm-root-dir=/usr/lib/jvm/java-1.5.0-gcj-5-amd64 --with-jvm-jar-dir=/usr/lib/jvm-exports/java-1.5.0-gcj-5-amd64 --with-arch-directory=amd64 --with-ecj-jar=/usr/share/java/eclipse-ecj.jar --enable-objc-gc --enable-multiarch --disable-werror --with-arch-32=i686 --with-abi=m64 --with-multilib-list=m32,m64,mx32 --enable-multilib --with-tune=generic --enable-checking=release --build=x86_64-linux-gnu --host=x86_64-linux-gnu --target=x86_64-linux-gnu]
  ignore line: [Thread model: posix]
  ignore line: [gcc version 5.2.1 20151010 (Ubuntu 5.2.1-22ubuntu2) ]
  ignore line: [COMPILER_PATH=/usr/lib/gcc/x86_64-linux-gnu/5/:/usr/lib/gcc/x86_64-linux-gnu/5/:/usr/lib/gcc/x86_64-linux-gnu/:/usr/lib/gcc/x86_64-linux-gnu/5/:/usr/lib/gcc/x86_64-linux-gnu/]
  ignore line: [LIBRARY_PATH=/usr/lib/gcc/x86_64-linux-gnu/5/:/usr/lib/gcc/x86_64-linux-gnu/5/../../../x86_64-linux-gnu/:/usr/lib/gcc/x86_64-linux-gnu/5/../../../../lib/:/lib/x86_64-linux-gnu/:/lib/../lib/:/usr/lib/x86_64-linux-gnu/:/usr/lib/../lib/:/usr/lib/gcc/x86_64-linux-gnu/5/../../../:/lib/:/usr/lib/]
  ignore line: [COLLECT_GCC_OPTIONS='-v' '-o' 'cmTryCompileExec3395611122' '-rdynamic' '-shared-libgcc' '-mtune=generic' '-march=x86-64']
  link line: [ /usr/lib/gcc/x86_64-linux-gnu/5/collect2 -plugin /usr/lib/gcc/x86_64-linux-gnu/5/liblto_plugin.so -plugin-opt=/usr/lib/gcc/x86_64-linux-gnu/5/lto-wrapper -plugin-opt=-fresolution=/tmp/ccn7I38v.res -plugin-opt=-pass-through=-lgcc_s -plugin-opt=-pass-through=-lgcc -plugin-opt=-pass-through=-lc -plugin-opt=-pass-through=-lgcc_s -plugin-opt=-pass-through=-lgcc --sysroot=/ --build-id --eh-frame-hdr -m elf_x86_64 --hash-style=gnu --as-needed -export-dynamic -dynamic-linker /lib64/ld-linux-x86-64.so.2 -z relro -o cmTryCompileExec3395611122 /usr/lib/gcc/x86_64-linux-gnu/5/../../../x86_64-linux-gnu/crt1.o /usr/lib/gcc/x86_64-linux-gnu/5/../../../x86_64-linux-gnu/crti.o /usr/lib/gcc/x86_64-linux-gnu/5/crtbegin.o -L/usr/lib/gcc/x86_64-linux-gnu/5 -L/usr/lib/gcc/x86_64-linux-gnu/5/../../../x86_64-linux-gnu -L/usr/lib/gcc/x86_64-linux-gnu/5/../../../../lib -L/lib/x86_64-linux-gnu -L/lib/../lib -L/usr/lib/x86_64-linux-gnu -L/usr/lib/../lib -L/usr/lib/gcc/x86_64-linux-gnu/5/../../.. CMakeFiles/cmTryCompileExec3395611122.dir/CMakeCXXCompilerABI.cpp.o -lstdc++ -lm -lgcc_s -lgcc -lc -lgcc_s -lgcc /usr/lib/gcc/x86_64-linux-gnu/5/crtend.o /usr/lib/gcc/x86_64-linux-gnu/5/../../../x86_64-linux-gnu/crtn.o]
    arg [/usr/lib/gcc/x86_64-linux-gnu/5/collect2] ==> ignore
    arg [-plugin] ==> ignore
    arg [/usr/lib/gcc/x86_64-linux-gnu/5/liblto_plugin.so] ==> ignore
    arg [-plugin-opt=/usr/lib/gcc/x86_64-linux-gnu/5/lto-wrapper] ==> ignore
    arg [-plugin-opt=-fresolution=/tmp/ccn7I38v.res] ==> ignore
    arg [-plugin-opt=-pass-through=-lgcc_s] ==> ignore
    arg [-plugin-opt=-pass-through=-lgcc] ==> ignore
    arg [-plugin-opt=-pass-through=-lc] ==> ignore
    arg [-plugin-opt=-pass-through=-lgcc_s] ==> ignore
    arg [-plugin-opt=-pass-through=-lgcc] ==> ignore
    arg [--sysroot=/] ==> ignore
    arg [--build-id] ==> ignore
    arg [--eh-frame-hdr] ==> ignore
    arg [-m] ==> ignore
    arg [elf_x86_64] ==> ignore
    arg [--hash-style=gnu] ==> ignore
    arg [--as-needed] ==> ignore
    arg [-export-dynamic] ==> ignore
    arg [-dynamic-linker] ==> ignore
    arg [/lib64/ld-linux-x86-64.so.2] ==> ignore
    arg [-zrelro] ==> ignore
    arg [-o] ==> ignore
    arg [cmTryCompileExec3395611122] ==> ignore
    arg [/usr/lib/gcc/x86_64-linux-gnu/5/../../../x86_64-linux-gnu/crt1.o] ==> ignore
    arg [/usr/lib/gcc/x86_64-linux-gnu/5/../../../x86_64-linux-gnu/crti.o] ==> ignore
    arg [/usr/lib/gcc/x86_64-linux-gnu/5/crtbegin.o] ==> ignore
    arg [-L/usr/lib/gcc/x86_64-linux-gnu/5] ==> dir [/usr/lib/gcc/x86_64-linux-gnu/5]
    arg [-L/usr/lib/gcc/x86_64-linux-gnu/5/../../../x86_64-linux-gnu] ==> dir [/usr/lib/gcc/x86_64-linux-gnu/5/../../../x86_64-linux-gnu]
    arg [-L/usr/lib/gcc/x86_64-linux-gnu/5/../../../../lib] ==> dir [/usr/lib/gcc/x86_64-linux-gnu/5/../../../../lib]
    arg [-L/lib/x86_64-linux-gnu] ==> dir [/lib/x86_64-linux-gnu]
    arg [-L/lib/../lib] ==> dir [/lib/../lib]
    arg [-L/usr/lib/x86_64-linux-gnu] ==> dir [/usr/lib/x86_64-linux-gnu]
    arg [-L/usr/lib/../lib] ==> dir [/usr/lib/../lib]
    arg [-L/usr/lib/gcc/x86_64-linux-gnu/5/../../..] ==> dir [/usr/lib/gcc/x86_64-linux-gnu/5/../../..]
    arg [CMakeFiles/cmTryCompileExec3395611122.dir/CMakeCXXCompilerABI.cpp.o] ==> ignore
    arg [-lstdc++] ==> lib [stdc++]
    arg [-lm] ==> lib [m]
    arg [-lgcc_s] ==> lib [gcc_s]
    arg [-lgcc] ==> lib [gcc]
    arg [-lc] ==> lib [c]
    arg [-lgcc_s] ==> lib [gcc_s]
    arg [-lgcc] ==> lib [gcc]
    arg [/usr/lib/gcc/x86_64-linux-gnu/5/crtend.o] ==> ignore
    arg [/usr/lib/gcc/x86_64-linux-gnu/5/../../../x86_64-linux-gnu/crtn.o] ==> ignore
  remove lib [gcc_s]
  remove lib [gcc]
  remove lib [gcc_s]
  remove lib [gcc]
  collapse library dir [/usr/lib/gcc/x86_64-linux-gnu/5] ==> [/usr/lib/gcc/x86_64-linux-gnu/5]
  collapse library dir [/usr/lib/gcc/x86_64-linux-gnu/5/../../../x86_64-linux-gnu] ==> [/usr/lib/x86_64-linux-gnu]
  collapse library dir [/usr/lib/gcc/x86_64-linux-gnu/5/../../../../lib] ==> [/usr/lib]
  collapse library dir [/lib/x86_64-linux-gnu] ==> [/lib/x86_64-linux-gnu]
  collapse library dir [/lib/../lib] ==> [/lib]
  collapse library dir [/usr/lib/x86_64-linux-gnu] ==> [/usr/lib/x86_64-linux-gnu]
  collapse library dir [/usr/lib/../lib] ==> [/usr/lib]
  collapse library dir [/usr/lib/gcc/x86_64-linux-gnu/5/../../..] ==> [/usr/lib]
  implicit libs: [stdc++;m;c]
  implicit dirs: [/usr/lib/gcc/x86_64-linux-gnu/5;/usr/lib/x86_64-linux-gnu;/usr/lib;/lib/x86_64-linux-gnu;/lib]
  implicit fwks: []




Detecting CXX [-std=c++14] compiler features compiled with the following output:
Change Dir: /home/robbr48/h/Dependencies/FMILibrary-2.0.1/build-fmil/ExpatEx/CMakeFiles/CMakeTmp

Run Build Command:"/usr/bin/make" "cmTryCompileExec2515980654/fast"
make[3]: Entering directory '/home/robbr48/Documents/Subversion/hopsan/Dependencies/FMILibrary-2.0.1/build-fmil/ExpatEx/CMakeFiles/CMakeTmp'
/usr/bin/make -f CMakeFiles/cmTryCompileExec2515980654.dir/build.make CMakeFiles/cmTryCompileExec2515980654.dir/build
make[4]: Entering directory '/home/robbr48/Documents/Subversion/hopsan/Dependencies/FMILibrary-2.0.1/build-fmil/ExpatEx/CMakeFiles/CMakeTmp'
/usr/bin/cmake -E cmake_progress_report /home/robbr48/h/Dependencies/FMILibrary-2.0.1/build-fmil/ExpatEx/CMakeFiles/CMakeTmp/CMakeFiles 1
Building CXX object CMakeFiles/cmTryCompileExec2515980654.dir/feature_tests.cxx.o
/usr/bin/c++    -std=c++14 -o CMakeFiles/cmTryCompileExec2515980654.dir/feature_tests.cxx.o -c /home/robbr48/h/Dependencies/FMILibrary-2.0.1/build-fmil/ExpatEx/CMakeFiles/feature_tests.cxx
Linking CXX executable cmTryCompileExec2515980654
/usr/bin/cmake -E cmake_link_script CMakeFiles/cmTryCompileExec2515980654.dir/link.txt --verbose=1
/usr/bin/c++        CMakeFiles/cmTryCompileExec2515980654.dir/feature_tests.cxx.o  -o cmTryCompileExec2515980654 -rdynamic 
make[4]: Leaving directory '/home/robbr48/Documents/Subversion/hopsan/Dependencies/FMILibrary-2.0.1/build-fmil/ExpatEx/CMakeFiles/CMakeTmp'
make[3]: Leaving directory '/home/robbr48/Documents/Subversion/hopsan/Dependencies/FMILibrary-2.0.1/build-fmil/ExpatEx/CMakeFiles/CMakeTmp'


    Feature record: CXX_FEATURE:1cxx_aggregate_default_initializers
    Feature record: CXX_FEATURE:1cxx_alias_templates
    Feature record: CXX_FEATURE:1cxx_alignas
    Feature record: CXX_FEATURE:1cxx_alignof
    Feature record: CXX_FEATURE:1cxx_attributes
    Feature record: CXX_FEATURE:1cxx_attribute_deprecated
    Feature record: CXX_FEATURE:1cxx_auto_type
    Feature record: CXX_FEATURE:1cxx_binary_literals
    Feature record: CXX_FEATURE:1cxx_constexpr
    Feature record: CXX_FEATURE:1cxx_contextual_conversions
    Feature record: CXX_FEATURE:1cxx_decltype
    Feature record: CXX_FEATURE:1cxx_decltype_auto
    Feature record: CXX_FEATURE:1cxx_decltype_incomplete_return_types
    Feature record: CXX_FEATURE:1cxx_default_function_template_args
    Feature record: CXX_FEATURE:1cxx_defaulted_functions
    Feature record: CXX_FEATURE:1cxx_defaulted_move_initializers
    Feature record: CXX_FEATURE:1cxx_delegating_constructors
    Feature record: CXX_FEATURE:1cxx_deleted_functions
    Feature record: CXX_FEATURE:1cxx_digit_separators
    Feature record: CXX_FEATURE:1cxx_enum_forward_declarations
    Feature record: CXX_FEATURE:1cxx_explicit_conversions
    Feature record: CXX_FEATURE:1cxx_extended_friend_declarations
    Feature record: CXX_FEATURE:1cxx_extern_templates
    Feature record: CXX_FEATURE:1cxx_final
    Feature record: CXX_FEATURE:1cxx_func_identifier
    Feature record: CXX_FEATURE:1cxx_generalized_initializers
    Feature record: CXX_FEATURE:1cxx_generic_lambdas
    Feature record: CXX_FEATURE:1cxx_inheriting_constructors
    Feature record: CXX_FEATURE:1cxx_inline_namespaces
    Feature record: CXX_FEATURE:1cxx_lambdas
    Feature record: CXX_FEATURE:1cxx_lambda_init_captures
    Feature record: CXX_FEATURE:1cxx_local_type_template_args
    Feature record: CXX_FEATURE:1cxx_long_long_type
    Feature record: CXX_FEATURE:1cxx_noexcept
    Feature record: CXX_FEATURE:1cxx_nonstatic_member_init
    Feature record: CXX_FEATURE:1cxx_nullptr
    Feature record: CXX_FEATURE:1cxx_override
    Feature record: CXX_FEATURE:1cxx_range_for
    Feature record: CXX_FEATURE:1cxx_raw_string_literals
    Feature record: CXX_FEATURE:1cxx_reference_qualified_functions
    Feature record: CXX_FEATURE:1cxx_relaxed_constexpr
    Feature record: CXX_FEATURE:1cxx_return_type_deduction
    Feature record: CXX_FEATURE:1cxx_right_angle_brackets
    Feature record: CXX_FEATURE:1cxx_rvalue_references
    Feature record: CXX_FEATURE:1cxx_sizeof_member
    Feature record: CXX_FEATURE:1cxx_static_assert
    Feature record: CXX_FEATURE:1cxx_strong_enums
    Feature record: CXX_FEATURE:1cxx_template_template_parameters
    Feature record: CXX_FEATURE:1cxx_thread_local
    Feature record: CXX_FEATURE:1cxx_trailing_return_types
    Feature record: CXX_FEATURE:1cxx_unicode_literals
    Feature record: CXX_FEATURE:1cxx_uniform_initialization
    Feature record: CXX_FEATURE:1cxx_unrestricted_unions
    Feature record: CXX_FEATURE:1cxx_user_literals
    Feature record: CXX_FEATURE:1cxx_variable_templates
    Feature record: CXX_FEATURE:1cxx_variadic_macros
    Feature record: CXX_FEATURE:1cxx_variadic_templates


Detecting CXX [-std=c++11] compiler features compiled with the following output:
Change Dir: /home/robbr48/h/Dependencies/FMILibrary-2.0.1/build-fmil/ExpatEx/CMakeFiles/CMakeTmp

Run Build Command:"/usr/bin/make" "cmTryCompileExec1470041903/fast"
make[3]: Entering directory '/home/robbr48/Documents/Subversion/hopsan/Dependencies/FMILibrary-2.0.1/build-fmil/ExpatEx/CMakeFiles/CMakeTmp'
/usr/bin/make -f CMakeFiles/cmTryCompileExec1470041903.dir/build.make CMakeFiles/cmTryCompileExec1470041903.dir/build
make[4]: Entering directory '/home/robbr48/Documents/Subversion/hopsan/Dependencies/FMILibrary-2.0.1/build-fmil/ExpatEx/CMakeFiles/CMakeTmp'
/usr/bin/cmake -E cmake_progress_report /home/robbr48/h/Dependencies/FMILibrary-2.0.1/build-fmil/ExpatEx/CMakeFiles/CMakeTmp/CMakeFiles 1
Building CXX object CMakeFiles/cmTryCompileExec1470041903.dir/feature_tests.cxx.o
/usr/bin/c++    -std=c++11 -o CMakeFiles/cmTryCompileExec1470041903.dir/feature_tests.cxx.o -c /home/robbr48/h/Dependencies/FMILibrary-2.0.1/build-fmil/ExpatEx/CMakeFiles/feature_tests.cxx
Linking CXX executable cmTryCompileExec1470041903
/usr/bin/cmake -E cmake_link_script CMakeFiles/cmTryCompileExec1470041903.dir/link.txt --verbose=1
/usr/bin/c++        CMakeFiles/cmTryCompileExec1470041903.dir/feature_tests.cxx.o  -o cmTryCompileExec1470041903 -rdynamic 
make[4]: Leaving directory '/home/robbr48/Documents/Subversion/hopsan/Dependencies/FMILibrary-2.0.1/build-fmil/ExpatEx/CMakeFiles/CMakeTmp'
make[3]: Leaving directory '/home/robbr48/Documents/Subversion/hopsan/Dependencies/FMILibrary-2.0.1/build-fmil/ExpatEx/CMakeFiles/CMakeTmp'


    Feature record: CXX_FEATURE:0cxx_aggregate_default_initializers
    Feature record: CXX_FEATURE:1cxx_alias_templates
    Feature record: CXX_FEATURE:1cxx_alignas
    Feature record: CXX_FEATURE:1cxx_alignof
    Feature record: CXX_FEATURE:1cxx_attributes
    Feature record: CXX_FEATURE:0cxx_attribute_deprecated
    Feature record: CXX_FEATURE:1cxx_auto_type
    Feature record: CXX_FEATURE:0cxx_binary_literals
    Feature record: CXX_FEATURE:1cxx_constexpr
    Feature record: CXX_FEATURE:0cxx_contextual_conversions
    Feature record: CXX_FEATURE:1cxx_decltype
    Feature record: CXX_FEATURE:0cxx_decltype_auto
    Feature record: CXX_FEATURE:1cxx_decltype_incomplete_return_types
    Feature record: CXX_FEATURE:1cxx_default_function_template_args
    Feature record: CXX_FEATURE:1cxx_defaulted_functions
    Feature record: CXX_FEATURE:1cxx_defaulted_move_initializers
    Feature record: CXX_FEATURE:1cxx_delegating_constructors
    Feature record: CXX_FEATURE:1cxx_deleted_functions
    Feature record: CXX_FEATURE:0cxx_digit_separators
    Feature record: CXX_FEATURE:1cxx_enum_forward_declarations
    Feature record: CXX_FEATURE:1cxx_explicit_conversions
    Feature record: CXX_FEATURE:1cxx_extended_friend_declarations
    Feature record: CXX_FEATURE:1cxx_extern_templates
    Feature record: CXX_FEATURE:1cxx_final
    Feature record: CXX_FEATURE:1cxx_func_identifier
    Feature record: CXX_FEATURE:1cxx_generalized_initializers
    Feature record: CXX_FEATURE:0cxx_generic_lambdas
    Feature record: CXX_FEATURE:1cxx_inheriting_constructors
    Feature record: CXX_FEATURE:1cxx_inline_namespaces
    Feature record: CXX_FEATURE:1cxx_lambdas
    Feature record: CXX_FEATURE:0cxx_lambda_init_captures
    Feature record: CXX_FEATURE:1cxx_local_type_template_args
    Feature record: CXX_FEATURE:1cxx_long_long_type
    Feature record: CXX_FEATURE:1cxx_noexcept
    Feature record: CXX_FEATURE:1cxx_nonstatic_member_init
    Feature record: CXX_FEATURE:1cxx_nullptr
    Feature record: CXX_FEATURE:1cxx_override
    Feature record: CXX_FEATURE:1cxx_range_for
    Feature record: CXX_FEATURE:1cxx_raw_string_literals
    Feature record: CXX_FEATURE:1cxx_reference_qualified_functions
    Feature record: CXX_FEATURE:0cxx_relaxed_constexpr
    Feature record: CXX_FEATURE:0cxx_return_type_deduction
    Feature record: CXX_FEATURE:1cxx_right_angle_brackets
    Feature record: CXX_FEATURE:1cxx_rvalue_references
    Feature record: CXX_FEATURE:1cxx_sizeof_member
    Feature record: CXX_FEATURE:1cxx_static_assert
    Feature record: CXX_FEATURE:1cxx_strong_enums
    Feature record: CXX_FEATURE:1cxx_template_template_parameters
    Feature record: CXX_FEATURE:1cxx_thread_local
    Feature record: CXX_FEATURE:1cxx_trailing_return_types
    Feature record: CXX_FEATURE:1cxx_unicode_literals
    Feature record: CXX_FEATURE:1cxx_uniform_initialization
    Feature record: CXX_FEATURE:1cxx_unrestricted_unions
    Feature record: CXX_FEATURE:1cxx_user_literals
    Feature record: CXX_FEATURE:0cxx_variable_templates
    Feature record: CXX_FEATURE:1cxx_variadic_macros
    Feature record: CXX_FEATURE:1cxx_variadic_templates


Detecting CXX [-std=c++98] compiler features compiled with the following output:
Change Dir: /home/robbr48/h/Dependencies/FMILibrary-2.0.1/build-fmil/ExpatEx/CMakeFiles/CMakeTmp

Run Build Command:"/usr/bin/make" "cmTryCompileExec1246880076/fast"
make[3]: Entering directory '/home/robbr48/Documents/Subversion/hopsan/Dependencies/FMILibrary-2.0.1/build-fmil/ExpatEx/CMakeFiles/CMakeTmp'
/usr/bin/make -f CMakeFiles/cmTryCompileExec1246880076.dir/build.make CMakeFiles/cmTryCompileExec1246880076.dir/build
make[4]: Entering directory '/home/robbr48/Documents/Subversion/hopsan/Dependencies/FMILibrary-2.0.1/build-fmil/ExpatEx/CMakeFiles/CMakeTmp'
/usr/bin/cmake -E cmake_progress_report /home/robbr48/h/Dependencies/FMILibrary-2.0.1/build-fmil/ExpatEx/CMakeFiles/CMakeTmp/CMakeFiles 1
Building CXX object CMakeFiles/cmTryCompileExec1246880076.dir/feature_tests.cxx.o
/usr/bin/c++    -std=c++98 -o CMakeFiles/cmTryCompileExec1246880076.dir/feature_tests.cxx.o -c /home/robbr48/h/Dependencies/FMILibrary-2.0.1/build-fmil/ExpatEx/CMakeFiles/feature_tests.cxx
Linking CXX executable cmTryCompileExec1246880076
/usr/bin/cmake -E cmake_link_script CMakeFiles/cmTryCompileExec1246880076.dir/link.txt --verbose=1
/usr/bin/c++        CMakeFiles/cmTryCompileExec1246880076.dir/feature_tests.cxx.o  -o cmTryCompileExec1246880076 -rdynamic 
make[4]: Leaving directory '/home/robbr48/Documents/Subversion/hopsan/Dependencies/FMILibrary-2.0.1/build-fmil/ExpatEx/CMakeFiles/CMakeTmp'
make[3]: Leaving directory '/home/robbr48/Documents/Subversion/hopsan/Dependencies/FMILibrary-2.0.1/build-fmil/ExpatEx/CMakeFiles/CMakeTmp'


    Feature record: CXX_FEATURE:0cxx_aggregate_default_initializers
    Feature record: CXX_FEATURE:0cxx_alias_templates
    Feature record: CXX_FEATURE:0cxx_alignas
    Feature record: CXX_FEATURE:0cxx_alignof
    Feature record: CXX_FEATURE:0cxx_attributes
    Feature record: CXX_FEATURE:0cxx_attribute_deprecated
    Feature record: CXX_FEATURE:0cxx_auto_type
    Feature record: CXX_FEATURE:0cxx_binary_literals
    Feature record: CXX_FEATURE:0cxx_constexpr
    Feature record: CXX_FEATURE:0cxx_contextual_conversions
    Feature record: CXX_FEATURE:0cxx_decltype
    Feature record: CXX_FEATURE:0cxx_decltype_auto
    Feature record: CXX_FEATURE:0cxx_decltype_incomplete_return_types
    Feature record: CXX_FEATURE:0cxx_default_function_template_args
    Feature record: CXX_FEATURE:0cxx_defaulted_functions
    Feature record: CXX_FEATURE:0cxx_defaulted_move_initializers
    Feature record: CXX_FEATURE:0cxx_delegating_constructors
    Feature record: CXX_FEATURE:0cxx_deleted_functions
    Feature record: CXX_FEATURE:0cxx_digit_separators
    Feature record: CXX_FEATURE:0cxx_enum_forward_declarations
    Feature record: CXX_FEATURE:0cxx_explicit_conversions
    Feature record: CXX_FEATURE:0cxx_extended_friend_declarations
    Feature record: CXX_FEATURE:0cxx_extern_templates
    Feature record: CXX_FEATURE:0cxx_final
    Feature record: CXX_FEATURE:0cxx_func_identifier
    Feature record: CXX_FEATURE:0cxx_generalized_initializers
    Feature record: CXX_FEATURE:0cxx_generic_lambdas
    Feature record: CXX_FEATURE:0cxx_inheriting_constructors
    Feature record: CXX_FEATURE:0cxx_inline_namespaces
    Feature record: CXX_FEATURE:0cxx_lambdas
    Feature record: CXX_FEATURE:0cxx_lambda_init_captures
    Feature record: CXX_FEATURE:0cxx_local_type_template_args
    Feature record: CXX_FEATURE:0cxx_long_long_type
    Feature record: CXX_FEATURE:0cxx_noexcept
    Feature record: CXX_FEATURE:0cxx_nonstatic_member_init
    Feature record: CXX_FEATURE:0cxx_nullptr
    Feature record: CXX_FEATURE:0cxx_override
    Feature record: CXX_FEATURE:0cxx_range_for
    Feature record: CXX_FEATURE:0cxx_raw_string_literals
    Feature record: CXX_FEATURE:0cxx_reference_qualified_functions
    Feature record: CXX_FEATURE:0cxx_relaxed_constexpr
    Feature record: CXX_FEATURE:0cxx_return_type_deduction
    Feature record: CXX_FEATURE:0cxx_right_angle_brackets
    Feature record: CXX_FEATURE:0cxx_rvalue_references
    Feature record: CXX_FEATURE:0cxx_sizeof_member
    Feature record: CXX_FEATURE:0cxx_static_assert
    Feature record: CXX_FEATURE:0cxx_strong_enums
    Feature record: CXX_FEATURE:1cxx_template_template_parameters
    Feature record: CXX_FEATURE:0cxx_thread_local
    Feature record: CXX_FEATURE:0cxx_trailing_return_types
    Feature record: CXX_FEATURE:0cxx_unicode_literals
    Feature record: CXX_FEATURE:0cxx_uniform_initialization
    Feature record: CXX_FEATURE:0cxx_unrestricted_unions
    Feature record: CXX_FEATURE:0cxx_user_literals
    Feature record: CXX_FEATURE:0cxx_variable_templates
    Feature record: CXX_FEATURE:0cxx_variadic_macros
    Feature record: CXX_FEATURE:0cxx_variadic_templates
Determining if the include file dlfcn.h exists passed with the following output:
Change Dir: /home/robbr48/h/Dependencies/FMILibrary-2.0.1/build-fmil/ExpatEx/CMakeFiles/CMakeTmp

Run Build Command:"/usr/bin/make" "cmTryCompileExec4080283773/fast"
make[3]: Entering directory '/home/robbr48/Documents/Subversion/hopsan/Dependencies/FMILibrary-2.0.1/build-fmil/ExpatEx/CMakeFiles/CMakeTmp'
/usr/bin/make -f CMakeFiles/cmTryCompileExec4080283773.dir/build.make CMakeFiles/cmTryCompileExec4080283773.dir/build
make[4]: Entering directory '/home/robbr48/Documents/Subversion/hopsan/Dependencies/FMILibrary-2.0.1/build-fmil/ExpatEx/CMakeFiles/CMakeTmp'
/usr/bin/cmake -E cmake_progress_report /home/robbr48/h/Dependencies/FMILibrary-2.0.1/build-fmil/ExpatEx/CMakeFiles/CMakeTmp/CMakeFiles 1
Building C object CMakeFiles/cmTryCompileExec4080283773.dir/CheckIncludeFile.c.o
/usr/bin/cc   -std=c89 -pedantic -Wall -Wno-unused-function -fvisibility=hidden -fPIC -DXML_STATIC -DFMI_XML_QUERY    -o CMakeFiles/cmTryCompileExec4080283773.dir/CheckIncludeFile.c.o   -c /home/robbr48/h/Dependencies/FMILibrary-2.0.1/build-fmil/ExpatEx/CMakeFiles/CMakeTmp/CheckIncludeFile.c
Linking C executable cmTryCompileExec4080283773
/usr/bin/cmake -E cmake_link_script CMakeFiles/cmTryCompileExec4080283773.dir/link.txt --verbose=1
/usr/bin/cc   -std=c89 -pedantic -Wall -Wno-unused-function -fvisibility=hidden -fPIC -DXML_STATIC -DFMI_XML_QUERY     CMakeFiles/cmTryCompileExec4080283773.dir/CheckIncludeFile.c.o  -o cmTryCompileExec4080283773 -rdynamic 
make[4]: Leaving directory '/home/robbr48/Documents/Subversion/hopsan/Dependencies/FMILibrary-2.0.1/build-fmil/ExpatEx/CMakeFiles/CMakeTmp'
make[3]: Leaving directory '/home/robbr48/Documents/Subversion/hopsan/Dependencies/FMILibrary-2.0.1/build-fmil/ExpatEx/CMakeFiles/CMakeTmp'


Determining if the include file fcntl.h exists passed with the following output:
Change Dir: /home/robbr48/h/Dependencies/FMILibrary-2.0.1/build-fmil/ExpatEx/CMakeFiles/CMakeTmp

Run Build Command:"/usr/bin/make" "cmTryCompileExec521831347/fast"
make[3]: Entering directory '/home/robbr48/Documents/Subversion/hopsan/Dependencies/FMILibrary-2.0.1/build-fmil/ExpatEx/CMakeFiles/CMakeTmp'
/usr/bin/make -f CMakeFiles/cmTryCompileExec521831347.dir/build.make CMakeFiles/cmTryCompileExec521831347.dir/build
make[4]: Entering directory '/home/robbr48/Documents/Subversion/hopsan/Dependencies/FMILibrary-2.0.1/build-fmil/ExpatEx/CMakeFiles/CMakeTmp'
/usr/bin/cmake -E cmake_progress_report /home/robbr48/h/Dependencies/FMILibrary-2.0.1/build-fmil/ExpatEx/CMakeFiles/CMakeTmp/CMakeFiles 1
Building C object CMakeFiles/cmTryCompileExec521831347.dir/CheckIncludeFile.c.o
/usr/bin/cc   -std=c89 -pedantic -Wall -Wno-unused-function -fvisibility=hidden -fPIC -DXML_STATIC -DFMI_XML_QUERY    -o CMakeFiles/cmTryCompileExec521831347.dir/CheckIncludeFile.c.o   -c /home/robbr48/h/Dependencies/FMILibrary-2.0.1/build-fmil/ExpatEx/CMakeFiles/CMakeTmp/CheckIncludeFile.c
Linking C executable cmTryCompileExec521831347
/usr/bin/cmake -E cmake_link_script CMakeFiles/cmTryCompileExec521831347.dir/link.txt --verbose=1
/usr/bin/cc   -std=c89 -pedantic -Wall -Wno-unused-function -fvisibility=hidden -fPIC -DXML_STATIC -DFMI_XML_QUERY     CMakeFiles/cmTryCompileExec521831347.dir/CheckIncludeFile.c.o  -o cmTryCompileExec521831347 -rdynamic 
make[4]: Leaving directory '/home/robbr48/Documents/Subversion/hopsan/Dependencies/FMILibrary-2.0.1/build-fmil/ExpatEx/CMakeFiles/CMakeTmp'
make[3]: Leaving directory '/home/robbr48/Documents/Subversion/hopsan/Dependencies/FMILibrary-2.0.1/build-fmil/ExpatEx/CMakeFiles/CMakeTmp'


Determining if the include file inttypes.h exists passed with the following output:
Change Dir: /home/robbr48/h/Dependencies/FMILibrary-2.0.1/build-fmil/ExpatEx/CMakeFiles/CMakeTmp

Run Build Command:"/usr/bin/make" "cmTryCompileExec1202989432/fast"
make[3]: Entering directory '/home/robbr48/Documents/Subversion/hopsan/Dependencies/FMILibrary-2.0.1/build-fmil/ExpatEx/CMakeFiles/CMakeTmp'
/usr/bin/make -f CMakeFiles/cmTryCompileExec1202989432.dir/build.make CMakeFiles/cmTryCompileExec1202989432.dir/build
make[4]: Entering directory '/home/robbr48/Documents/Subversion/hopsan/Dependencies/FMILibrary-2.0.1/build-fmil/ExpatEx/CMakeFiles/CMakeTmp'
/usr/bin/cmake -E cmake_progress_report /home/robbr48/h/Dependencies/FMILibrary-2.0.1/build-fmil/ExpatEx/CMakeFiles/CMakeTmp/CMakeFiles 1
Building C object CMakeFiles/cmTryCompileExec1202989432.dir/CheckIncludeFile.c.o
/usr/bin/cc   -std=c89 -pedantic -Wall -Wno-unused-function -fvisibility=hidden -fPIC -DXML_STATIC -DFMI_XML_QUERY    -o CMakeFiles/cmTryCompileExec1202989432.dir/CheckIncludeFile.c.o   -c /home/robbr48/h/Dependencies/FMILibrary-2.0.1/build-fmil/ExpatEx/CMakeFiles/CMakeTmp/CheckIncludeFile.c
Linking C executable cmTryCompileExec1202989432
/usr/bin/cmake -E cmake_link_script CMakeFiles/cmTryCompileExec1202989432.dir/link.txt --verbose=1
/usr/bin/cc   -std=c89 -pedantic -Wall -Wno-unused-function -fvisibility=hidden -fPIC -DXML_STATIC -DFMI_XML_QUERY     CMakeFiles/cmTryCompileExec1202989432.dir/CheckIncludeFile.c.o  -o cmTryCompileExec1202989432 -rdynamic 
make[4]: Leaving directory '/home/robbr48/Documents/Subversion/hopsan/Dependencies/FMILibrary-2.0.1/build-fmil/ExpatEx/CMakeFiles/CMakeTmp'
make[3]: Leaving directory '/home/robbr48/Documents/Subversion/hopsan/Dependencies/FMILibrary-2.0.1/build-fmil/ExpatEx/CMakeFiles/CMakeTmp'


Determining if the include file memory.h exists passed with the following output:
Change Dir: /home/robbr48/h/Dependencies/FMILibrary-2.0.1/build-fmil/ExpatEx/CMakeFiles/CMakeTmp

Run Build Command:"/usr/bin/make" "cmTryCompileExec3447268576/fast"
make[3]: Entering directory '/home/robbr48/Documents/Subversion/hopsan/Dependencies/FMILibrary-2.0.1/build-fmil/ExpatEx/CMakeFiles/CMakeTmp'
/usr/bin/make -f CMakeFiles/cmTryCompileExec3447268576.dir/build.make CMakeFiles/cmTryCompileExec3447268576.dir/build
make[4]: Entering directory '/home/robbr48/Documents/Subversion/hopsan/Dependencies/FMILibrary-2.0.1/build-fmil/ExpatEx/CMakeFiles/CMakeTmp'
/usr/bin/cmake -E cmake_progress_report /home/robbr48/h/Dependencies/FMILibrary-2.0.1/build-fmil/ExpatEx/CMakeFiles/CMakeTmp/CMakeFiles 1
Building C object CMakeFiles/cmTryCompileExec3447268576.dir/CheckIncludeFile.c.o
/usr/bin/cc   -std=c89 -pedantic -Wall -Wno-unused-function -fvisibility=hidden -fPIC -DXML_STATIC -DFMI_XML_QUERY    -o CMakeFiles/cmTryCompileExec3447268576.dir/CheckIncludeFile.c.o   -c /home/robbr48/h/Dependencies/FMILibrary-2.0.1/build-fmil/ExpatEx/CMakeFiles/CMakeTmp/CheckIncludeFile.c
Linking C executable cmTryCompileExec3447268576
/usr/bin/cmake -E cmake_link_script CMakeFiles/cmTryCompileExec3447268576.dir/link.txt --verbose=1
/usr/bin/cc   -std=c89 -pedantic -Wall -Wno-unused-function -fvisibility=hidden -fPIC -DXML_STATIC -DFMI_XML_QUERY     CMakeFiles/cmTryCompileExec3447268576.dir/CheckIncludeFile.c.o  -o cmTryCompileExec3447268576 -rdynamic 
make[4]: Leaving directory '/home/robbr48/Documents/Subversion/hopsan/Dependencies/FMILibrary-2.0.1/build-fmil/ExpatEx/CMakeFiles/CMakeTmp'
make[3]: Leaving directory '/home/robbr48/Documents/Subversion/hopsan/Dependencies/FMILibrary-2.0.1/build-fmil/ExpatEx/CMakeFiles/CMakeTmp'


Determining if the include file stdint.h exists passed with the following output:
Change Dir: /home/robbr48/h/Dependencies/FMILibrary-2.0.1/build-fmil/ExpatEx/CMakeFiles/CMakeTmp

Run Build Command:"/usr/bin/make" "cmTryCompileExec1980078166/fast"
make[3]: Entering directory '/home/robbr48/Documents/Subversion/hopsan/Dependencies/FMILibrary-2.0.1/build-fmil/ExpatEx/CMakeFiles/CMakeTmp'
/usr/bin/make -f CMakeFiles/cmTryCompileExec1980078166.dir/build.make CMakeFiles/cmTryCompileExec1980078166.dir/build
make[4]: Entering directory '/home/robbr48/Documents/Subversion/hopsan/Dependencies/FMILibrary-2.0.1/build-fmil/ExpatEx/CMakeFiles/CMakeTmp'
/usr/bin/cmake -E cmake_progress_report /home/robbr48/h/Dependencies/FMILibrary-2.0.1/build-fmil/ExpatEx/CMakeFiles/CMakeTmp/CMakeFiles 1
Building C object CMakeFiles/cmTryCompileExec1980078166.dir/CheckIncludeFile.c.o
/usr/bin/cc   -std=c89 -pedantic -Wall -Wno-unused-function -fvisibility=hidden -fPIC -DXML_STATIC -DFMI_XML_QUERY    -o CMakeFiles/cmTryCompileExec1980078166.dir/CheckIncludeFile.c.o   -c /home/robbr48/h/Dependencies/FMILibrary-2.0.1/build-fmil/ExpatEx/CMakeFiles/CMakeTmp/CheckIncludeFile.c
Linking C executable cmTryCompileExec1980078166
/usr/bin/cmake -E cmake_link_script CMakeFiles/cmTryCompileExec1980078166.dir/link.txt --verbose=1
/usr/bin/cc   -std=c89 -pedantic -Wall -Wno-unused-function -fvisibility=hidden -fPIC -DXML_STATIC -DFMI_XML_QUERY     CMakeFiles/cmTryCompileExec1980078166.dir/CheckIncludeFile.c.o  -o cmTryCompileExec1980078166 -rdynamic 
make[4]: Leaving directory '/home/robbr48/Documents/Subversion/hopsan/Dependencies/FMILibrary-2.0.1/build-fmil/ExpatEx/CMakeFiles/CMakeTmp'
make[3]: Leaving directory '/home/robbr48/Documents/Subversion/hopsan/Dependencies/FMILibrary-2.0.1/build-fmil/ExpatEx/CMakeFiles/CMakeTmp'


Determining if the include file stdlib.h exists passed with the following output:
Change Dir: /home/robbr48/h/Dependencies/FMILibrary-2.0.1/build-fmil/ExpatEx/CMakeFiles/CMakeTmp

Run Build Command:"/usr/bin/make" "cmTryCompileExec2950265561/fast"
make[3]: Entering directory '/home/robbr48/Documents/Subversion/hopsan/Dependencies/FMILibrary-2.0.1/build-fmil/ExpatEx/CMakeFiles/CMakeTmp'
/usr/bin/make -f CMakeFiles/cmTryCompileExec2950265561.dir/build.make CMakeFiles/cmTryCompileExec2950265561.dir/build
make[4]: Entering directory '/home/robbr48/Documents/Subversion/hopsan/Dependencies/FMILibrary-2.0.1/build-fmil/ExpatEx/CMakeFiles/CMakeTmp'
/usr/bin/cmake -E cmake_progress_report /home/robbr48/h/Dependencies/FMILibrary-2.0.1/build-fmil/ExpatEx/CMakeFiles/CMakeTmp/CMakeFiles 1
Building C object CMakeFiles/cmTryCompileExec2950265561.dir/CheckIncludeFile.c.o
/usr/bin/cc   -std=c89 -pedantic -Wall -Wno-unused-function -fvisibility=hidden -fPIC -DXML_STATIC -DFMI_XML_QUERY    -o CMakeFiles/cmTryCompileExec2950265561.dir/CheckIncludeFile.c.o   -c /home/robbr48/h/Dependencies/FMILibrary-2.0.1/build-fmil/ExpatEx/CMakeFiles/CMakeTmp/CheckIncludeFile.c
Linking C executable cmTryCompileExec2950265561
/usr/bin/cmake -E cmake_link_script CMakeFiles/cmTryCompileExec2950265561.dir/link.txt --verbose=1
/usr/bin/cc   -std=c89 -pedantic -Wall -Wno-unused-function -fvisibility=hidden -fPIC -DXML_STATIC -DFMI_XML_QUERY     CMakeFiles/cmTryCompileExec2950265561.dir/CheckIncludeFile.c.o  -o cmTryCompileExec2950265561 -rdynamic 
make[4]: Leaving directory '/home/robbr48/Documents/Subversion/hopsan/Dependencies/FMILibrary-2.0.1/build-fmil/ExpatEx/CMakeFiles/CMakeTmp'
make[3]: Leaving directory '/home/robbr48/Documents/Subversion/hopsan/Dependencies/FMILibrary-2.0.1/build-fmil/ExpatEx/CMakeFiles/CMakeTmp'


Determining if the include file strings.h exists passed with the following output:
Change Dir: /home/robbr48/h/Dependencies/FMILibrary-2.0.1/build-fmil/ExpatEx/CMakeFiles/CMakeTmp

Run Build Command:"/usr/bin/make" "cmTryCompileExec2067560867/fast"
make[3]: Entering directory '/home/robbr48/Documents/Subversion/hopsan/Dependencies/FMILibrary-2.0.1/build-fmil/ExpatEx/CMakeFiles/CMakeTmp'
/usr/bin/make -f CMakeFiles/cmTryCompileExec2067560867.dir/build.make CMakeFiles/cmTryCompileExec2067560867.dir/build
make[4]: Entering directory '/home/robbr48/Documents/Subversion/hopsan/Dependencies/FMILibrary-2.0.1/build-fmil/ExpatEx/CMakeFiles/CMakeTmp'
/usr/bin/cmake -E cmake_progress_report /home/robbr48/h/Dependencies/FMILibrary-2.0.1/build-fmil/ExpatEx/CMakeFiles/CMakeTmp/CMakeFiles 1
Building C object CMakeFiles/cmTryCompileExec2067560867.dir/CheckIncludeFile.c.o
/usr/bin/cc   -std=c89 -pedantic -Wall -Wno-unused-function -fvisibility=hidden -fPIC -DXML_STATIC -DFMI_XML_QUERY    -o CMakeFiles/cmTryCompileExec2067560867.dir/CheckIncludeFile.c.o   -c /home/robbr48/h/Dependencies/FMILibrary-2.0.1/build-fmil/ExpatEx/CMakeFiles/CMakeTmp/CheckIncludeFile.c
Linking C executable cmTryCompileExec2067560867
/usr/bin/cmake -E cmake_link_script CMakeFiles/cmTryCompileExec2067560867.dir/link.txt --verbose=1
/usr/bin/cc   -std=c89 -pedantic -Wall -Wno-unused-function -fvisibility=hidden -fPIC -DXML_STATIC -DFMI_XML_QUERY     CMakeFiles/cmTryCompileExec2067560867.dir/CheckIncludeFile.c.o  -o cmTryCompileExec2067560867 -rdynamic 
make[4]: Leaving directory '/home/robbr48/Documents/Subversion/hopsan/Dependencies/FMILibrary-2.0.1/build-fmil/ExpatEx/CMakeFiles/CMakeTmp'
make[3]: Leaving directory '/home/robbr48/Documents/Subversion/hopsan/Dependencies/FMILibrary-2.0.1/build-fmil/ExpatEx/CMakeFiles/CMakeTmp'


Determining if the include file string.h exists passed with the following output:
Change Dir: /home/robbr48/h/Dependencies/FMILibrary-2.0.1/build-fmil/ExpatEx/CMakeFiles/CMakeTmp

Run Build Command:"/usr/bin/make" "cmTryCompileExec2365813182/fast"
make[3]: Entering directory '/home/robbr48/Documents/Subversion/hopsan/Dependencies/FMILibrary-2.0.1/build-fmil/ExpatEx/CMakeFiles/CMakeTmp'
/usr/bin/make -f CMakeFiles/cmTryCompileExec2365813182.dir/build.make CMakeFiles/cmTryCompileExec2365813182.dir/build
make[4]: Entering directory '/home/robbr48/Documents/Subversion/hopsan/Dependencies/FMILibrary-2.0.1/build-fmil/ExpatEx/CMakeFiles/CMakeTmp'
/usr/bin/cmake -E cmake_progress_report /home/robbr48/h/Dependencies/FMILibrary-2.0.1/build-fmil/ExpatEx/CMakeFiles/CMakeTmp/CMakeFiles 1
Building C object CMakeFiles/cmTryCompileExec2365813182.dir/CheckIncludeFile.c.o
/usr/bin/cc   -std=c89 -pedantic -Wall -Wno-unused-function -fvisibility=hidden -fPIC -DXML_STATIC -DFMI_XML_QUERY    -o CMakeFiles/cmTryCompileExec2365813182.dir/CheckIncludeFile.c.o   -c /home/robbr48/h/Dependencies/FMILibrary-2.0.1/build-fmil/ExpatEx/CMakeFiles/CMakeTmp/CheckIncludeFile.c
Linking C executable cmTryCompileExec2365813182
/usr/bin/cmake -E cmake_link_script CMakeFiles/cmTryCompileExec2365813182.dir/link.txt --verbose=1
/usr/bin/cc   -std=c89 -pedantic -Wall -Wno-unused-function -fvisibility=hidden -fPIC -DXML_STATIC -DFMI_XML_QUERY     CMakeFiles/cmTryCompileExec2365813182.dir/CheckIncludeFile.c.o  -o cmTryCompileExec2365813182 -rdynamic 
make[4]: Leaving directory '/home/robbr48/Documents/Subversion/hopsan/Dependencies/FMILibrary-2.0.1/build-fmil/ExpatEx/CMakeFiles/CMakeTmp'
make[3]: Leaving directory '/home/robbr48/Documents/Subversion/hopsan/Dependencies/FMILibrary-2.0.1/build-fmil/ExpatEx/CMakeFiles/CMakeTmp'


Determining if the include file sys/stat.h exists passed with the following output:
Change Dir: /home/robbr48/h/Dependencies/FMILibrary-2.0.1/build-fmil/ExpatEx/CMakeFiles/CMakeTmp

Run Build Command:"/usr/bin/make" "cmTryCompileExec507330006/fast"
make[3]: Entering directory '/home/robbr48/Documents/Subversion/hopsan/Dependencies/FMILibrary-2.0.1/build-fmil/ExpatEx/CMakeFiles/CMakeTmp'
/usr/bin/make -f CMakeFiles/cmTryCompileExec507330006.dir/build.make CMakeFiles/cmTryCompileExec507330006.dir/build
make[4]: Entering directory '/home/robbr48/Documents/Subversion/hopsan/Dependencies/FMILibrary-2.0.1/build-fmil/ExpatEx/CMakeFiles/CMakeTmp'
/usr/bin/cmake -E cmake_progress_report /home/robbr48/h/Dependencies/FMILibrary-2.0.1/build-fmil/ExpatEx/CMakeFiles/CMakeTmp/CMakeFiles 1
Building C object CMakeFiles/cmTryCompileExec507330006.dir/CheckIncludeFile.c.o
/usr/bin/cc   -std=c89 -pedantic -Wall -Wno-unused-function -fvisibility=hidden -fPIC -DXML_STATIC -DFMI_XML_QUERY    -o CMakeFiles/cmTryCompileExec507330006.dir/CheckIncludeFile.c.o   -c /home/robbr48/h/Dependencies/FMILibrary-2.0.1/build-fmil/ExpatEx/CMakeFiles/CMakeTmp/CheckIncludeFile.c
Linking C executable cmTryCompileExec507330006
/usr/bin/cmake -E cmake_link_script CMakeFiles/cmTryCompileExec507330006.dir/link.txt --verbose=1
/usr/bin/cc   -std=c89 -pedantic -Wall -Wno-unused-function -fvisibility=hidden -fPIC -DXML_STATIC -DFMI_XML_QUERY     CMakeFiles/cmTryCompileExec507330006.dir/CheckIncludeFile.c.o  -o cmTryCompileExec507330006 -rdynamic 
make[4]: Leaving directory '/home/robbr48/Documents/Subversion/hopsan/Dependencies/FMILibrary-2.0.1/build-fmil/ExpatEx/CMakeFiles/CMakeTmp'
make[3]: Leaving directory '/home/robbr48/Documents/Subversion/hopsan/Dependencies/FMILibrary-2.0.1/build-fmil/ExpatEx/CMakeFiles/CMakeTmp'


Determining if the include file sys/types.h exists passed with the following output:
Change Dir: /home/robbr48/h/Dependencies/FMILibrary-2.0.1/build-fmil/ExpatEx/CMakeFiles/CMakeTmp

Run Build Command:"/usr/bin/make" "cmTryCompileExec2814299467/fast"
make[3]: Entering directory '/home/robbr48/Documents/Subversion/hopsan/Dependencies/FMILibrary-2.0.1/build-fmil/ExpatEx/CMakeFiles/CMakeTmp'
/usr/bin/make -f CMakeFiles/cmTryCompileExec2814299467.dir/build.make CMakeFiles/cmTryCompileExec2814299467.dir/build
make[4]: Entering directory '/home/robbr48/Documents/Subversion/hopsan/Dependencies/FMILibrary-2.0.1/build-fmil/ExpatEx/CMakeFiles/CMakeTmp'
/usr/bin/cmake -E cmake_progress_report /home/robbr48/h/Dependencies/FMILibrary-2.0.1/build-fmil/ExpatEx/CMakeFiles/CMakeTmp/CMakeFiles 1
Building C object CMakeFiles/cmTryCompileExec2814299467.dir/CheckIncludeFile.c.o
/usr/bin/cc   -std=c89 -pedantic -Wall -Wno-unused-function -fvisibility=hidden -fPIC -DXML_STATIC -DFMI_XML_QUERY    -o CMakeFiles/cmTryCompileExec2814299467.dir/CheckIncludeFile.c.o   -c /home/robbr48/h/Dependencies/FMILibrary-2.0.1/build-fmil/ExpatEx/CMakeFiles/CMakeTmp/CheckIncludeFile.c
Linking C executable cmTryCompileExec2814299467
/usr/bin/cmake -E cmake_link_script CMakeFiles/cmTryCompileExec2814299467.dir/link.txt --verbose=1
/usr/bin/cc   -std=c89 -pedantic -Wall -Wno-unused-function -fvisibility=hidden -fPIC -DXML_STATIC -DFMI_XML_QUERY     CMakeFiles/cmTryCompileExec2814299467.dir/CheckIncludeFile.c.o  -o cmTryCompileExec2814299467 -rdynamic 
make[4]: Leaving directory '/home/robbr48/Documents/Subversion/hopsan/Dependencies/FMILibrary-2.0.1/build-fmil/ExpatEx/CMakeFiles/CMakeTmp'
make[3]: Leaving directory '/home/robbr48/Documents/Subversion/hopsan/Dependencies/FMILibrary-2.0.1/build-fmil/ExpatEx/CMakeFiles/CMakeTmp'


Determining if the include file unistd.h exists passed with the following output:
Change Dir: /home/robbr48/h/Dependencies/FMILibrary-2.0.1/build-fmil/ExpatEx/CMakeFiles/CMakeTmp

Run Build Command:"/usr/bin/make" "cmTryCompileExec1722035638/fast"
make[3]: Entering directory '/home/robbr48/Documents/Subversion/hopsan/Dependencies/FMILibrary-2.0.1/build-fmil/ExpatEx/CMakeFiles/CMakeTmp'
/usr/bin/make -f CMakeFiles/cmTryCompileExec1722035638.dir/build.make CMakeFiles/cmTryCompileExec1722035638.dir/build
make[4]: Entering directory '/home/robbr48/Documents/Subversion/hopsan/Dependencies/FMILibrary-2.0.1/build-fmil/ExpatEx/CMakeFiles/CMakeTmp'
/usr/bin/cmake -E cmake_progress_report /home/robbr48/h/Dependencies/FMILibrary-2.0.1/build-fmil/ExpatEx/CMakeFiles/CMakeTmp/CMakeFiles 1
Building C object CMakeFiles/cmTryCompileExec1722035638.dir/CheckIncludeFile.c.o
/usr/bin/cc   -std=c89 -pedantic -Wall -Wno-unused-function -fvisibility=hidden -fPIC -DXML_STATIC -DFMI_XML_QUERY    -o CMakeFiles/cmTryCompileExec1722035638.dir/CheckIncludeFile.c.o   -c /home/robbr48/h/Dependencies/FMILibrary-2.0.1/build-fmil/ExpatEx/CMakeFiles/CMakeTmp/CheckIncludeFile.c
Linking C executable cmTryCompileExec1722035638
/usr/bin/cmake -E cmake_link_script CMakeFiles/cmTryCompileExec1722035638.dir/link.txt --verbose=1
/usr/bin/cc   -std=c89 -pedantic -Wall -Wno-unused-function -fvisibility=hidden -fPIC -DXML_STATIC -DFMI_XML_QUERY     CMakeFiles/cmTryCompileExec1722035638.dir/CheckIncludeFile.c.o  -o cmTryCompileExec1722035638 -rdynamic 
make[4]: Leaving directory '/home/robbr48/Documents/Subversion/hopsan/Dependencies/FMILibrary-2.0.1/build-fmil/ExpatEx/CMakeFiles/CMakeTmp'
make[3]: Leaving directory '/home/robbr48/Documents/Subversion/hopsan/Dependencies/FMILibrary-2.0.1/build-fmil/ExpatEx/CMakeFiles/CMakeTmp'


Determining if the function getpagesize exists passed with the following output:
Change Dir: /home/robbr48/h/Dependencies/FMILibrary-2.0.1/build-fmil/ExpatEx/CMakeFiles/CMakeTmp

Run Build Command:"/usr/bin/make" "cmTryCompileExec3742964035/fast"
make[3]: Entering directory '/home/robbr48/Documents/Subversion/hopsan/Dependencies/FMILibrary-2.0.1/build-fmil/ExpatEx/CMakeFiles/CMakeTmp'
/usr/bin/make -f CMakeFiles/cmTryCompileExec3742964035.dir/build.make CMakeFiles/cmTryCompileExec3742964035.dir/build
make[4]: Entering directory '/home/robbr48/Documents/Subversion/hopsan/Dependencies/FMILibrary-2.0.1/build-fmil/ExpatEx/CMakeFiles/CMakeTmp'
/usr/bin/cmake -E cmake_progress_report /home/robbr48/h/Dependencies/FMILibrary-2.0.1/build-fmil/ExpatEx/CMakeFiles/CMakeTmp/CMakeFiles 1
Building C object CMakeFiles/cmTryCompileExec3742964035.dir/CheckFunctionExists.c.o
/usr/bin/cc   -std=c89 -pedantic -Wall -Wno-unused-function -fvisibility=hidden -fPIC -DXML_STATIC -DFMI_XML_QUERY -DCHECK_FUNCTION_EXISTS=getpagesize   -o CMakeFiles/cmTryCompileExec3742964035.dir/CheckFunctionExists.c.o   -c /usr/share/cmake-3.2/Modules/CheckFunctionExists.c
Linking C executable cmTryCompileExec3742964035
/usr/bin/cmake -E cmake_link_script CMakeFiles/cmTryCompileExec3742964035.dir/link.txt --verbose=1
/usr/bin/cc   -std=c89 -pedantic -Wall -Wno-unused-function -fvisibility=hidden -fPIC -DXML_STATIC -DFMI_XML_QUERY -DCHECK_FUNCTION_EXISTS=getpagesize    CMakeFiles/cmTryCompileExec3742964035.dir/CheckFunctionExists.c.o  -o cmTryCompileExec3742964035 -rdynamic 
make[4]: Leaving directory '/home/robbr48/Documents/Subversion/hopsan/Dependencies/FMILibrary-2.0.1/build-fmil/ExpatEx/CMakeFiles/CMakeTmp'
make[3]: Leaving directory '/home/robbr48/Documents/Subversion/hopsan/Dependencies/FMILibrary-2.0.1/build-fmil/ExpatEx/CMakeFiles/CMakeTmp'


Determining if the function bcopy exists passed with the following output:
Change Dir: /home/robbr48/h/Dependencies/FMILibrary-2.0.1/build-fmil/ExpatEx/CMakeFiles/CMakeTmp

Run Build Command:"/usr/bin/make" "cmTryCompileExec4102418359/fast"
make[3]: Entering directory '/home/robbr48/Documents/Subversion/hopsan/Dependencies/FMILibrary-2.0.1/build-fmil/ExpatEx/CMakeFiles/CMakeTmp'
/usr/bin/make -f CMakeFiles/cmTryCompileExec4102418359.dir/build.make CMakeFiles/cmTryCompileExec4102418359.dir/build
make[4]: Entering directory '/home/robbr48/Documents/Subversion/hopsan/Dependencies/FMILibrary-2.0.1/build-fmil/ExpatEx/CMakeFiles/CMakeTmp'
/usr/bin/cmake -E cmake_progress_report /home/robbr48/h/Dependencies/FMILibrary-2.0.1/build-fmil/ExpatEx/CMakeFiles/CMakeTmp/CMakeFiles 1
Building C object CMakeFiles/cmTryCompileExec4102418359.dir/CheckFunctionExists.c.o
/usr/bin/cc   -std=c89 -pedantic -Wall -Wno-unused-function -fvisibility=hidden -fPIC -DXML_STATIC -DFMI_XML_QUERY -DCHECK_FUNCTION_EXISTS=bcopy   -o CMakeFiles/cmTryCompileExec4102418359.dir/CheckFunctionExists.c.o   -c /usr/share/cmake-3.2/Modules/CheckFunctionExists.c
Linking C executable cmTryCompileExec4102418359
/usr/bin/cmake -E cmake_link_script CMakeFiles/cmTryCompileExec4102418359.dir/link.txt --verbose=1
/usr/bin/cc   -std=c89 -pedantic -Wall -Wno-unused-function -fvisibility=hidden -fPIC -DXML_STATIC -DFMI_XML_QUERY -DCHECK_FUNCTION_EXISTS=bcopy    CMakeFiles/cmTryCompileExec4102418359.dir/CheckFunctionExists.c.o  -o cmTryCompileExec4102418359 -rdynamic 
make[4]: Leaving directory '/home/robbr48/Documents/Subversion/hopsan/Dependencies/FMILibrary-2.0.1/build-fmil/ExpatEx/CMakeFiles/CMakeTmp'
make[3]: Leaving directory '/home/robbr48/Documents/Subversion/hopsan/Dependencies/FMILibrary-2.0.1/build-fmil/ExpatEx/CMakeFiles/CMakeTmp'


Determining if the memmove exist passed with the following output:
Change Dir: /home/robbr48/h/Dependencies/FMILibrary-2.0.1/build-fmil/ExpatEx/CMakeFiles/CMakeTmp

Run Build Command:"/usr/bin/make" "cmTryCompileExec1329301973/fast"
make[3]: Entering directory '/home/robbr48/Documents/Subversion/hopsan/Dependencies/FMILibrary-2.0.1/build-fmil/ExpatEx/CMakeFiles/CMakeTmp'
/usr/bin/make -f CMakeFiles/cmTryCompileExec1329301973.dir/build.make CMakeFiles/cmTryCompileExec1329301973.dir/build
make[4]: Entering directory '/home/robbr48/Documents/Subversion/hopsan/Dependencies/FMILibrary-2.0.1/build-fmil/ExpatEx/CMakeFiles/CMakeTmp'
/usr/bin/cmake -E cmake_progress_report /home/robbr48/h/Dependencies/FMILibrary-2.0.1/build-fmil/ExpatEx/CMakeFiles/CMakeTmp/CMakeFiles 1
Building C object CMakeFiles/cmTryCompileExec1329301973.dir/CheckSymbolExists.c.o
/usr/bin/cc   -std=c89 -pedantic -Wall -Wno-unused-function -fvisibility=hidden -fPIC -DXML_STATIC -DFMI_XML_QUERY    -o CMakeFiles/cmTryCompileExec1329301973.dir/CheckSymbolExists.c.o   -c /home/robbr48/h/Dependencies/FMILibrary-2.0.1/build-fmil/ExpatEx/CMakeFiles/CMakeTmp/CheckSymbolExists.c
/home/robbr48/h/Dependencies/FMILibrary-2.0.1/build-fmil/ExpatEx/CMakeFiles/CMakeTmp/CheckSymbolExists.c: In function main:
/home/robbr48/h/Dependencies/FMILibrary-2.0.1/build-fmil/ExpatEx/CMakeFiles/CMakeTmp/CheckSymbolExists.c:8:11: warning: ISO C forbids conversion of function pointer to object pointer type [-Wpedantic]
   return ((int*)(&memmove))[argc];
           ^
Linking C executable cmTryCompileExec1329301973
/usr/bin/cmake -E cmake_link_script CMakeFiles/cmTryCompileExec1329301973.dir/link.txt --verbose=1
/usr/bin/cc   -std=c89 -pedantic -Wall -Wno-unused-function -fvisibility=hidden -fPIC -DXML_STATIC -DFMI_XML_QUERY     CMakeFiles/cmTryCompileExec1329301973.dir/CheckSymbolExists.c.o  -o cmTryCompileExec1329301973 -rdynamic 
make[4]: Leaving directory '/home/robbr48/Documents/Subversion/hopsan/Dependencies/FMILibrary-2.0.1/build-fmil/ExpatEx/CMakeFiles/CMakeTmp'
make[3]: Leaving directory '/home/robbr48/Documents/Subversion/hopsan/Dependencies/FMILibrary-2.0.1/build-fmil/ExpatEx/CMakeFiles/CMakeTmp'

File /home/robbr48/h/Dependencies/FMILibrary-2.0.1/build-fmil/ExpatEx/CMakeFiles/CMakeTmp/CheckSymbolExists.c:
/* */
#include <string.h>

int main(int argc, char** argv)
{
  (void)argv;
#ifndef memmove
  return ((int*)(&memmove))[argc];
#else
  (void)argc;
  return 0;
#endif
}

Determining if the function mmap exists passed with the following output:
Change Dir: /home/robbr48/h/Dependencies/FMILibrary-2.0.1/build-fmil/ExpatEx/CMakeFiles/CMakeTmp

Run Build Command:"/usr/bin/make" "cmTryCompileExec214401091/fast"
make[3]: Entering directory '/home/robbr48/Documents/Subversion/hopsan/Dependencies/FMILibrary-2.0.1/build-fmil/ExpatEx/CMakeFiles/CMakeTmp'
/usr/bin/make -f CMakeFiles/cmTryCompileExec214401091.dir/build.make CMakeFiles/cmTryCompileExec214401091.dir/build
make[4]: Entering directory '/home/robbr48/Documents/Subversion/hopsan/Dependencies/FMILibrary-2.0.1/build-fmil/ExpatEx/CMakeFiles/CMakeTmp'
/usr/bin/cmake -E cmake_progress_report /home/robbr48/h/Dependencies/FMILibrary-2.0.1/build-fmil/ExpatEx/CMakeFiles/CMakeTmp/CMakeFiles 1
Building C object CMakeFiles/cmTryCompileExec214401091.dir/CheckFunctionExists.c.o
/usr/bin/cc   -std=c89 -pedantic -Wall -Wno-unused-function -fvisibility=hidden -fPIC -DXML_STATIC -DFMI_XML_QUERY -DCHECK_FUNCTION_EXISTS=mmap   -o CMakeFiles/cmTryCompileExec214401091.dir/CheckFunctionExists.c.o   -c /usr/share/cmake-3.2/Modules/CheckFunctionExists.c
Linking C executable cmTryCompileExec214401091
/usr/bin/cmake -E cmake_link_script CMakeFiles/cmTryCompileExec214401091.dir/link.txt --verbose=1
/usr/bin/cc   -std=c89 -pedantic -Wall -Wno-unused-function -fvisibility=hidden -fPIC -DXML_STATIC -DFMI_XML_QUERY -DCHECK_FUNCTION_EXISTS=mmap    CMakeFiles/cmTryCompileExec214401091.dir/CheckFunctionExists.c.o  -o cmTryCompileExec214401091 -rdynamic 
make[4]: Leaving directory '/home/robbr48/Documents/Subversion/hopsan/Dependencies/FMILibrary-2.0.1/build-fmil/ExpatEx/CMakeFiles/CMakeTmp'
make[3]: Leaving directory '/home/robbr48/Documents/Subversion/hopsan/Dependencies/FMILibrary-2.0.1/build-fmil/ExpatEx/CMakeFiles/CMakeTmp'


Determining if files stdlib.h;stdarg.h;string.h;float.h exist passed with the following output:
Change Dir: /home/robbr48/h/Dependencies/FMILibrary-2.0.1/build-fmil/ExpatEx/CMakeFiles/CMakeTmp

Run Build Command:"/usr/bin/make" "cmTryCompileExec960005128/fast"
make[3]: Entering directory '/home/robbr48/Documents/Subversion/hopsan/Dependencies/FMILibrary-2.0.1/build-fmil/ExpatEx/CMakeFiles/CMakeTmp'
/usr/bin/make -f CMakeFiles/cmTryCompileExec960005128.dir/build.make CMakeFiles/cmTryCompileExec960005128.dir/build
make[4]: Entering directory '/home/robbr48/Documents/Subversion/hopsan/Dependencies/FMILibrary-2.0.1/build-fmil/ExpatEx/CMakeFiles/CMakeTmp'
/usr/bin/cmake -E cmake_progress_report /home/robbr48/h/Dependencies/FMILibrary-2.0.1/build-fmil/ExpatEx/CMakeFiles/CMakeTmp/CMakeFiles 1
Building C object CMakeFiles/cmTryCompileExec960005128.dir/CheckIncludeFiles.c.o
/usr/bin/cc   -std=c89 -pedantic -Wall -Wno-unused-function -fvisibility=hidden -fPIC -DXML_STATIC -DFMI_XML_QUERY    -o CMakeFiles/cmTryCompileExec960005128.dir/CheckIncludeFiles.c.o   -c /home/robbr48/h/Dependencies/FMILibrary-2.0.1/build-fmil/ExpatEx/CMakeFiles/CMakeTmp/CheckIncludeFiles.c
Linking C executable cmTryCompileExec960005128
/usr/bin/cmake -E cmake_link_script CMakeFiles/cmTryCompileExec960005128.dir/link.txt --verbose=1
/usr/bin/cc   -std=c89 -pedantic -Wall -Wno-unused-function -fvisibility=hidden -fPIC -DXML_STATIC -DFMI_XML_QUERY     CMakeFiles/cmTryCompileExec960005128.dir/CheckIncludeFiles.c.o  -o cmTryCompileExec960005128 -rdynamic 
make[4]: Leaving directory '/home/robbr48/Documents/Subversion/hopsan/Dependencies/FMILibrary-2.0.1/build-fmil/ExpatEx/CMakeFiles/CMakeTmp'
make[3]: Leaving directory '/home/robbr48/Documents/Subversion/hopsan/Dependencies/FMILibrary-2.0.1/build-fmil/ExpatEx/CMakeFiles/CMakeTmp'


Determining if the include file stddef.h exists passed with the following output:
Change Dir: /home/robbr48/h/Dependencies/FMILibrary-2.0.1/build-fmil/ExpatEx/CMakeFiles/CMakeTmp

Run Build Command:"/usr/bin/make" "cmTryCompileExec1672583103/fast"
make[3]: Entering directory '/home/robbr48/Documents/Subversion/hopsan/Dependencies/FMILibrary-2.0.1/build-fmil/ExpatEx/CMakeFiles/CMakeTmp'
/usr/bin/make -f CMakeFiles/cmTryCompileExec1672583103.dir/build.make CMakeFiles/cmTryCompileExec1672583103.dir/build
make[4]: Entering directory '/home/robbr48/Documents/Subversion/hopsan/Dependencies/FMILibrary-2.0.1/build-fmil/ExpatEx/CMakeFiles/CMakeTmp'
/usr/bin/cmake -E cmake_progress_report /home/robbr48/h/Dependencies/FMILibrary-2.0.1/build-fmil/ExpatEx/CMakeFiles/CMakeTmp/CMakeFiles 1
Building C object CMakeFiles/cmTryCompileExec1672583103.dir/CheckIncludeFile.c.o
/usr/bin/cc   -std=c89 -pedantic -Wall -Wno-unused-function -fvisibility=hidden -fPIC -DXML_STATIC -DFMI_XML_QUERY    -o CMakeFiles/cmTryCompileExec1672583103.dir/CheckIncludeFile.c.o   -c /home/robbr48/h/Dependencies/FMILibrary-2.0.1/build-fmil/ExpatEx/CMakeFiles/CMakeTmp/CheckIncludeFile.c
Linking C executable cmTryCompileExec1672583103
/usr/bin/cmake -E cmake_link_script CMakeFiles/cmTryCompileExec1672583103.dir/link.txt --verbose=1
/usr/bin/cc   -std=c89 -pedantic -Wall -Wno-unused-function -fvisibility=hidden -fPIC -DXML_STATIC -DFMI_XML_QUERY     CMakeFiles/cmTryCompileExec1672583103.dir/CheckIncludeFile.c.o  -o cmTryCompileExec1672583103 -rdynamic 
make[4]: Leaving directory '/home/robbr48/Documents/Subversion/hopsan/Dependencies/FMILibrary-2.0.1/build-fmil/ExpatEx/CMakeFiles/CMakeTmp'
make[3]: Leaving directory '/home/robbr48/Documents/Subversion/hopsan/Dependencies/FMILibrary-2.0.1/build-fmil/ExpatEx/CMakeFiles/CMakeTmp'


Determining size of unsigned short passed with the following output:
Change Dir: /home/robbr48/h/Dependencies/FMILibrary-2.0.1/build-fmil/ExpatEx/CMakeFiles/CMakeTmp

Run Build Command:"/usr/bin/make" "cmTryCompileExec2742043667/fast"
make[3]: Entering directory '/home/robbr48/Documents/Subversion/hopsan/Dependencies/FMILibrary-2.0.1/build-fmil/ExpatEx/CMakeFiles/CMakeTmp'
/usr/bin/make -f CMakeFiles/cmTryCompileExec2742043667.dir/build.make CMakeFiles/cmTryCompileExec2742043667.dir/build
make[4]: Entering directory '/home/robbr48/Documents/Subversion/hopsan/Dependencies/FMILibrary-2.0.1/build-fmil/ExpatEx/CMakeFiles/CMakeTmp'
/usr/bin/cmake -E cmake_progress_report /home/robbr48/h/Dependencies/FMILibrary-2.0.1/build-fmil/ExpatEx/CMakeFiles/CMakeTmp/CMakeFiles 1
Building C object CMakeFiles/cmTryCompileExec2742043667.dir/CMAKE_SIZEOF_UNSIGNED_SHORT.c.o
/usr/bin/cc   -std=c89 -pedantic -Wall -Wno-unused-function -fvisibility=hidden -fPIC -DXML_STATIC -DFMI_XML_QUERY    -o CMakeFiles/cmTryCompileExec2742043667.dir/CMAKE_SIZEOF_UNSIGNED_SHORT.c.o   -c /home/robbr48/h/Dependencies/FMILibrary-2.0.1/build-fmil/ExpatEx/CMakeFiles/CheckTypeSize/CMAKE_SIZEOF_UNSIGNED_SHORT.c
Linking C executable cmTryCompileExec2742043667
/usr/bin/cmake -E cmake_link_script CMakeFiles/cmTryCompileExec2742043667.dir/link.txt --verbose=1
/usr/bin/cc   -std=c89 -pedantic -Wall -Wno-unused-function -fvisibility=hidden -fPIC -DXML_STATIC -DFMI_XML_QUERY     CMakeFiles/cmTryCompileExec2742043667.dir/CMAKE_SIZEOF_UNSIGNED_SHORT.c.o  -o cmTryCompileExec2742043667 -rdynamic 
make[4]: Leaving directory '/home/robbr48/Documents/Subversion/hopsan/Dependencies/FMILibrary-2.0.1/build-fmil/ExpatEx/CMakeFiles/CMakeTmp'
make[3]: Leaving directory '/home/robbr48/Documents/Subversion/hopsan/Dependencies/FMILibrary-2.0.1/build-fmil/ExpatEx/CMakeFiles/CMakeTmp'


