Determining if the system is big endian passed with the following output:
Change Dir: /home/robbr48/h/Dependencies/FMILibrary-2.0.1/build-fmil/ExpatEx/CMakeFiles/CMakeTmp

Run Build Command:"/usr/bin/make" "cmTryCompileExec295706958/fast"
make[3]: Entering directory '/home/robbr48/Documents/Subversion/hopsan/Dependencies/FMILibrary-2.0.1/build-fmil/ExpatEx/CMakeFiles/CMakeTmp'
/usr/bin/make -f CMakeFiles/cmTryCompileExec295706958.dir/build.make CMakeFiles/cmTryCompileExec295706958.dir/build
make[4]: Entering directory '/home/robbr48/Documents/Subversion/hopsan/Dependencies/FMILibrary-2.0.1/build-fmil/ExpatEx/CMakeFiles/CMakeTmp'
/usr/bin/cmake -E cmake_progress_report /home/robbr48/h/Dependencies/FMILibrary-2.0.1/build-fmil/ExpatEx/CMakeFiles/CMakeTmp/CMakeFiles 1
Building C object CMakeFiles/cmTryCompileExec295706958.dir/TestEndianess.c.o
/usr/bin/cc   -std=c89 -pedantic -Wall -Wno-unused-function -fvisibility=hidden -fPIC -DXML_STATIC -DFMI_XML_QUERY    -o CMakeFiles/cmTryCompileExec295706958.dir/TestEndianess.c.o   -c /home/robbr48/h/Dependencies/FMILibrary-2.0.1/build-fmil/ExpatEx/CMakeFiles/CMakeTmp/TestEndianess.c
Linking C executable cmTryCompileExec295706958
/usr/bin/cmake -E cmake_link_script CMakeFiles/cmTryCompileExec295706958.dir/link.txt --verbose=1
/usr/bin/cc   -std=c89 -pedantic -Wall -Wno-unused-function -fvisibility=hidden -fPIC -DXML_STATIC -DFMI_XML_QUERY     CMakeFiles/cmTryCompileExec295706958.dir/TestEndianess.c.o  -o cmTryCompileExec295706958 -rdynamic 
make[4]: Leaving directory '/home/robbr48/Documents/Subversion/hopsan/Dependencies/FMILibrary-2.0.1/build-fmil/ExpatEx/CMakeFiles/CMakeTmp'
make[3]: Leaving directory '/home/robbr48/Documents/Subversion/hopsan/Dependencies/FMILibrary-2.0.1/build-fmil/ExpatEx/CMakeFiles/CMakeTmp'

TestEndianess.c:
/* A 16 bit integer is required. */
typedef unsigned short cmakeint16;

/* On a little endian machine, these 16bit ints will give "THIS IS LITTLE ENDIAN."
   On a big endian machine the characters will be exchanged pairwise. */
const cmakeint16 info_little[] =  {0x4854, 0x5349, 0x4920, 0x2053, 0x494c, 0x5454, 0x454c, 0x4520, 0x444e, 0x4149, 0x2e4e, 0x0000};

/* on a big endian machine, these 16bit ints will give "THIS IS BIG ENDIAN."
   On a little endian machine the characters will be exchanged pairwise. */
const cmakeint16 info_big[] =     {0x5448, 0x4953, 0x2049, 0x5320, 0x4249, 0x4720, 0x454e, 0x4449, 0x414e, 0x2e2e, 0x0000};

#ifdef __CLASSIC_C__
int main(argc, argv) int argc; char *argv[];
#else
int main(int argc, char *argv[])
#endif
{
  int require = 0;
  require += info_little[argc];
  require += info_big[argc];
  (void)argv;
  return require;
}


Determining if the off_t exist failed with the following output:
Change Dir: /home/robbr48/h/Dependencies/FMILibrary-2.0.1/build-fmil/ExpatEx/CMakeFiles/CMakeTmp

Run Build Command:"/usr/bin/make" "cmTryCompileExec2277089011/fast"
make[3]: Entering directory '/home/robbr48/Documents/Subversion/hopsan/Dependencies/FMILibrary-2.0.1/build-fmil/ExpatEx/CMakeFiles/CMakeTmp'
/usr/bin/make -f CMakeFiles/cmTryCompileExec2277089011.dir/build.make CMakeFiles/cmTryCompileExec2277089011.dir/build
make[4]: Entering directory '/home/robbr48/Documents/Subversion/hopsan/Dependencies/FMILibrary-2.0.1/build-fmil/ExpatEx/CMakeFiles/CMakeTmp'
/usr/bin/cmake -E cmake_progress_report /home/robbr48/h/Dependencies/FMILibrary-2.0.1/build-fmil/ExpatEx/CMakeFiles/CMakeTmp/CMakeFiles 1
Building C object CMakeFiles/cmTryCompileExec2277089011.dir/CheckSymbolExists.c.o
/usr/bin/cc   -std=c89 -pedantic -Wall -Wno-unused-function -fvisibility=hidden -fPIC -DXML_STATIC -DFMI_XML_QUERY    -o CMakeFiles/cmTryCompileExec2277089011.dir/CheckSymbolExists.c.o   -c /home/robbr48/h/Dependencies/FMILibrary-2.0.1/build-fmil/ExpatEx/CMakeFiles/CMakeTmp/CheckSymbolExists.c
/home/robbr48/h/Dependencies/FMILibrary-2.0.1/build-fmil/ExpatEx/CMakeFiles/CMakeTmp/CheckSymbolExists.c: In function ‘main’:
/home/robbr48/h/Dependencies/FMILibrary-2.0.1/build-fmil/ExpatEx/CMakeFiles/CMakeTmp/CheckSymbolExists.c:8:19: error: expected expression before ‘off_t’
   return ((int*)(&off_t))[argc];
                   ^
/home/robbr48/h/Dependencies/FMILibrary-2.0.1/build-fmil/ExpatEx/CMakeFiles/CMakeTmp/CheckSymbolExists.c:13:1: warning: control reaches end of non-void function [-Wreturn-type]
 }
 ^
CMakeFiles/cmTryCompileExec2277089011.dir/build.make:57: recipe for target 'CMakeFiles/cmTryCompileExec2277089011.dir/CheckSymbolExists.c.o' failed
make[4]: Leaving directory '/home/robbr48/Documents/Subversion/hopsan/Dependencies/FMILibrary-2.0.1/build-fmil/ExpatEx/CMakeFiles/CMakeTmp'
make[4]: *** [CMakeFiles/cmTryCompileExec2277089011.dir/CheckSymbolExists.c.o] Error 1
Makefile:117: recipe for target 'cmTryCompileExec2277089011/fast' failed
make[3]: Leaving directory '/home/robbr48/Documents/Subversion/hopsan/Dependencies/FMILibrary-2.0.1/build-fmil/ExpatEx/CMakeFiles/CMakeTmp'
make[3]: *** [cmTryCompileExec2277089011/fast] Error 2

File /home/robbr48/h/Dependencies/FMILibrary-2.0.1/build-fmil/ExpatEx/CMakeFiles/CMakeTmp/CheckSymbolExists.c:
/* */
#include <sys/types.h>

int main(int argc, char** argv)
{
  (void)argv;
#ifndef off_t
  return ((int*)(&off_t))[argc];
#else
  (void)argc;
  return 0;
#endif
}

Determining if the size_t exist failed with the following output:
Change Dir: /home/robbr48/h/Dependencies/FMILibrary-2.0.1/build-fmil/ExpatEx/CMakeFiles/CMakeTmp

Run Build Command:"/usr/bin/make" "cmTryCompileExec2004867685/fast"
make[3]: Entering directory '/home/robbr48/Documents/Subversion/hopsan/Dependencies/FMILibrary-2.0.1/build-fmil/ExpatEx/CMakeFiles/CMakeTmp'
/usr/bin/make -f CMakeFiles/cmTryCompileExec2004867685.dir/build.make CMakeFiles/cmTryCompileExec2004867685.dir/build
make[4]: Entering directory '/home/robbr48/Documents/Subversion/hopsan/Dependencies/FMILibrary-2.0.1/build-fmil/ExpatEx/CMakeFiles/CMakeTmp'
/usr/bin/cmake -E cmake_progress_report /home/robbr48/h/Dependencies/FMILibrary-2.0.1/build-fmil/ExpatEx/CMakeFiles/CMakeTmp/CMakeFiles 1
Building C object CMakeFiles/cmTryCompileExec2004867685.dir/CheckSymbolExists.c.o
/usr/bin/cc   -std=c89 -pedantic -Wall -Wno-unused-function -fvisibility=hidden -fPIC -DXML_STATIC -DFMI_XML_QUERY    -o CMakeFiles/cmTryCompileExec2004867685.dir/CheckSymbolExists.c.o   -c /home/robbr48/h/Dependencies/FMILibrary-2.0.1/build-fmil/ExpatEx/CMakeFiles/CMakeTmp/CheckSymbolExists.c
/home/robbr48/h/Dependencies/FMILibrary-2.0.1/build-fmil/ExpatEx/CMakeFiles/CMakeTmp/CheckSymbolExists.c: In function ‘main’:
/home/robbr48/h/Dependencies/FMILibrary-2.0.1/build-fmil/ExpatEx/CMakeFiles/CMakeTmp/CheckSymbolExists.c:8:19: error: expected expression before ‘size_t’
   return ((int*)(&size_t))[argc];
                   ^
/home/robbr48/h/Dependencies/FMILibrary-2.0.1/build-fmil/ExpatEx/CMakeFiles/CMakeTmp/CheckSymbolExists.c:13:1: warning: control reaches end of non-void function [-Wreturn-type]
 }
 ^
CMakeFiles/cmTryCompileExec2004867685.dir/build.make:57: recipe for target 'CMakeFiles/cmTryCompileExec2004867685.dir/CheckSymbolExists.c.o' failed
make[4]: *** [CMakeFiles/cmTryCompileExec2004867685.dir/CheckSymbolExists.c.o] Error 1
make[4]: Leaving directory '/home/robbr48/Documents/Subversion/hopsan/Dependencies/FMILibrary-2.0.1/build-fmil/ExpatEx/CMakeFiles/CMakeTmp'
Makefile:117: recipe for target 'cmTryCompileExec2004867685/fast' failed
make[3]: Leaving directory '/home/robbr48/Documents/Subversion/hopsan/Dependencies/FMILibrary-2.0.1/build-fmil/ExpatEx/CMakeFiles/CMakeTmp'
make[3]: *** [cmTryCompileExec2004867685/fast] Error 2

File /home/robbr48/h/Dependencies/FMILibrary-2.0.1/build-fmil/ExpatEx/CMakeFiles/CMakeTmp/CheckSymbolExists.c:
/* */
#include <sys/types.h>

int main(int argc, char** argv)
{
  (void)argv;
#ifndef size_t
  return ((int*)(&size_t))[argc];
#else
  (void)argc;
  return 0;
#endif
}

