This is pdfTeXk, Version 3.141592-1.40.3 (Web2C 7.5.6) (format=pdflatex 2014.2.18)  14 APR 2014 11:53
entering extended mode
 %&-line parsing enabled.
**TLMPlugin.tex
(./TLMPlugin.tex
LaTeX2e <2005/12/01>
Babel <v3.8h> and hyphenation patterns for english, usenglishmax, dumylang, noh
yphenation, arabic, basque, bulgarian, coptic, welsh, czech, slovak, german, ng
erman, danish, esperanto, spanish, catalan, galician, estonian, farsi, finnish,
 french, greek, monogreek, ancientgreek, croatian, hungarian, interlingua, ibyc
us, indonesian, icelandic, italian, latin, mongolian, dutch, norsk, polish, por
tuguese, pinyin, romanian, russian, slovenian, uppersorbian, serbian, swedish, 
turkish, ukenglish, ukrainian, loaded.
(/usr/share/texmf/tex/latex/base/book.cls
Document Class: book 2005/09/16 v1.4f Standard LaTeX document class
(/usr/share/texmf/tex/latex/base/bk11.clo
File: bk11.clo 2005/09/16 v1.4f Standard LaTeX file (size option)
)
\c@part=\count79
\c@chapter=\count80
\c@section=\count81
\c@subsection=\count82
\c@subsubsection=\count83
\c@paragraph=\count84
\c@subparagraph=\count85
\c@figure=\count86
\c@table=\count87
\abovecaptionskip=\skip41
\belowcaptionskip=\skip42
\bibindent=\dimen102
) (./macros2.tex
Document style `macros': Macros for mathematics, version 92-07-29
\c@skallpostscriptritas=\count88
\c@skallcgipostritas=\count89
) (/usr/share/texmf/tex/latex/base/inputenc.sty
Package: inputenc 2006/05/05 v1.1b Input encoding file
\inpenc@prehook=\toks14
\inpenc@posthook=\toks15

(/usr/share/texmf/tex/latex/base/ansinew.def
File: ansinew.def 2006/05/05 v1.1b Input encoding file
))
(/usr/share/texmf/tex/generic/babel/babel.sty
Package: babel 2005/11/23 v3.8h The Babel package

(/usr/share/texmf/tex/generic/babel/english.ldf
Language: english 2005/03/30 v3.3o English support from the babel system

(/usr/share/texmf/tex/generic/babel/babel.def
File: babel.def 2005/11/23 v3.8h Babel common definitions
\babel@savecnt=\count90
\U@D=\dimen103
)
\l@british = a dialect from \language\l@english 
\l@UKenglish = a dialect from \language\l@english 
\l@canadian = a dialect from \language\l@american 
\l@australian = a dialect from \language\l@british 
\l@newzealand = a dialect from \language\l@british 
)
(/usr/share/texmf/tex/generic/babel/english.ldf
Language: english 2005/03/30 v3.3o English support from the babel system
))
(/usr/share/texmf/tex/latex/graphics/graphicx.sty
Package: graphicx 1999/02/16 v1.0f Enhanced LaTeX Graphics (DPC,SPQR)

(/usr/share/texmf/tex/latex/graphics/keyval.sty
Package: keyval 1999/03/16 v1.13 key=value parser (DPC)
\KV@toks@=\toks16
)
(/usr/share/texmf/tex/latex/graphics/graphics.sty
Package: graphics 2006/02/20 v1.0o Standard LaTeX Graphics (DPC,SPQR)

(/usr/share/texmf/tex/latex/graphics/trig.sty
Package: trig 1999/03/16 v1.09 sin cos tan (DPC)
)
(/usr/share/texmf/tex/latex/config/graphics.cfg
File: graphics.cfg 2007/01/18 v1.5 graphics configuration of teTeX/TeXLive
)
Package graphics Info: Driver file: pdftex.def on input line 90.

(/usr/share/texmf/tex/latex/pdftex-def/pdftex.def
File: pdftex.def 2007/01/08 v0.04d Graphics/color for pdfTeX
\Gread@gobject=\count91
))
\Gin@req@height=\dimen104
\Gin@req@width=\dimen105
)
(/usr/share/texmf/tex/latex/subfigure/subfigure.sty
Package: subfigure 2002/03/15 v2.1.5 subfigure package
\subfigtopskip=\skip43
\subfigcapskip=\skip44
\subfigcaptopadj=\dimen106
\subfigbottomskip=\skip45
\subfigcapmargin=\dimen107
\subfiglabelskip=\skip46
\c@subfigure=\count92
\c@lofdepth=\count93
\c@subtable=\count94
\c@lotdepth=\count95

****************************************
* Local config file subfigure.cfg used *
****************************************
(/usr/share/texmf/tex/latex/subfigure/subfigure.cfg)
\subfig@top=\skip47
\subfig@bottom=\skip48
)
(/usr/share/texmf/tex/latex/natbib/natbib.sty
Package: natbib 2007/02/05 8.0 (PWD)
\bibhang=\skip49
\bibsep=\skip50
LaTeX Info: Redefining \cite on input line 602.
\c@NAT@ctr=\count96
)
(/usr/share/texmf/tex/latex/base/shortvrb.sty
Package: shortvrb 2006/02/02 v2.1d Standard LaTeX documentation package (FMi)
)
(/usr/share/texmf/tex/latex/amsmath/amsmath.sty
Package: amsmath 2000/07/18 v2.13 AMS math features
\@mathmargin=\skip51

For additional information on amsmath, use the `?' option.
(/usr/share/texmf/tex/latex/amsmath/amstext.sty
Package: amstext 2000/06/29 v2.01

(/usr/share/texmf/tex/latex/amsmath/amsgen.sty
File: amsgen.sty 1999/11/30 v2.0
\@emptytoks=\toks17
\ex@=\dimen108
))
(/usr/share/texmf/tex/latex/amsmath/amsbsy.sty
Package: amsbsy 1999/11/29 v1.2d
\pmbraise@=\dimen109
)
(/usr/share/texmf/tex/latex/amsmath/amsopn.sty
Package: amsopn 1999/12/14 v2.01 operator names
)
\inf@bad=\count97
LaTeX Info: Redefining \frac on input line 211.
\uproot@=\count98
\leftroot@=\count99
LaTeX Info: Redefining \overline on input line 307.
\classnum@=\count100
\DOTSCASE@=\count101
LaTeX Info: Redefining \ldots on input line 379.
LaTeX Info: Redefining \dots on input line 382.
LaTeX Info: Redefining \cdots on input line 467.
\Mathstrutbox@=\box26
\strutbox@=\box27
\big@size=\dimen110
LaTeX Font Info:    Redeclaring font encoding OML on input line 567.
LaTeX Font Info:    Redeclaring font encoding OMS on input line 568.
\macc@depth=\count102
\c@MaxMatrixCols=\count103
\dotsspace@=\muskip10
\c@parentequation=\count104
\dspbrk@lvl=\count105
\tag@help=\toks18
\row@=\count106
\column@=\count107
\maxfields@=\count108
\andhelp@=\toks19
\eqnshift@=\dimen111
\alignsep@=\dimen112
\tagshift@=\dimen113
\tagwidth@=\dimen114
\totwidth@=\dimen115
\lineht@=\dimen116
\@envbody=\toks20
\multlinegap=\skip52
\multlinetaggap=\skip53
\mathdisplay@stack=\toks21
LaTeX Info: Redefining \[ on input line 2666.
LaTeX Info: Redefining \] on input line 2667.
)
(/usr/share/texmf/tex/latex/amsfonts/amssymb.sty
Package: amssymb 2002/01/22 v2.2d

(/usr/share/texmf/tex/latex/amsfonts/amsfonts.sty
Package: amsfonts 2001/10/25 v2.2f
\symAMSa=\mathgroup4
\symAMSb=\mathgroup5
LaTeX Font Info:    Overwriting math alphabet `\mathfrak' in version `bold'
(Font)                  U/euf/m/n --> U/euf/b/n on input line 132.
))
(/usr/share/texmf/tex/latex/base/latexsym.sty
Package: latexsym 1998/08/17 v2.2e Standard LaTeX package (lasy symbols)
\symlasy=\mathgroup6
LaTeX Font Info:    Overwriting symbol font `lasy' in version `bold'
(Font)                  U/lasy/m/n --> U/lasy/b/n on input line 47.
)
(/usr/share/texmf/tex/latex/base/textcomp.sty
Package: textcomp 2005/09/27 v1.99g Standard LaTeX package
Package textcomp Info: Sub-encoding information:
(textcomp)               5 = only ISO-Adobe without \textcurrency
(textcomp)               4 = 5 + \texteuro
(textcomp)               3 = 4 + \textohm
(textcomp)               2 = 3 + \textestimated + \textcurrency
(textcomp)               1 = TS1 - \textcircled - \t
(textcomp)               0 = TS1 (full)
(textcomp)             Font families with sub-encoding setting implement
(textcomp)             only a restricted character set as indicated.
(textcomp)             Family '?' is the default used for unknown fonts.
(textcomp)             See the documentation for details.
Package textcomp Info: Setting ? sub-encoding to TS1/1 on input line 71.

(/usr/share/texmf/tex/latex/base/ts1enc.def
File: ts1enc.def 2001/06/05 v3.0e (jk/car/fm) Standard LaTeX file
)
LaTeX Info: Redefining \oldstylenums on input line 266.
Package textcomp Info: Setting cmr sub-encoding to TS1/0 on input line 281.
Package textcomp Info: Setting cmss sub-encoding to TS1/0 on input line 282.
Package textcomp Info: Setting cmtt sub-encoding to TS1/0 on input line 283.
Package textcomp Info: Setting cmvtt sub-encoding to TS1/0 on input line 284.
Package textcomp Info: Setting cmbr sub-encoding to TS1/0 on input line 285.
Package textcomp Info: Setting cmtl sub-encoding to TS1/0 on input line 286.
Package textcomp Info: Setting ccr sub-encoding to TS1/0 on input line 287.
Package textcomp Info: Setting ptm sub-encoding to TS1/4 on input line 288.
Package textcomp Info: Setting pcr sub-encoding to TS1/4 on input line 289.
Package textcomp Info: Setting phv sub-encoding to TS1/4 on input line 290.
Package textcomp Info: Setting ppl sub-encoding to TS1/3 on input line 291.
Package textcomp Info: Setting pag sub-encoding to TS1/4 on input line 292.
Package textcomp Info: Setting pbk sub-encoding to TS1/4 on input line 293.
Package textcomp Info: Setting pnc sub-encoding to TS1/4 on input line 294.
Package textcomp Info: Setting pzc sub-encoding to TS1/4 on input line 295.
Package textcomp Info: Setting bch sub-encoding to TS1/4 on input line 296.
Package textcomp Info: Setting put sub-encoding to TS1/5 on input line 297.
Package textcomp Info: Setting uag sub-encoding to TS1/5 on input line 298.
Package textcomp Info: Setting ugq sub-encoding to TS1/5 on input line 299.
Package textcomp Info: Setting ul8 sub-encoding to TS1/4 on input line 300.
Package textcomp Info: Setting ul9 sub-encoding to TS1/4 on input line 301.
Package textcomp Info: Setting augie sub-encoding to TS1/5 on input line 302.
Package textcomp Info: Setting dayrom sub-encoding to TS1/3 on input line 303.
Package textcomp Info: Setting dayroms sub-encoding to TS1/3 on input line 304.

Package textcomp Info: Setting pxr sub-encoding to TS1/0 on input line 305.
Package textcomp Info: Setting pxss sub-encoding to TS1/0 on input line 306.
Package textcomp Info: Setting pxtt sub-encoding to TS1/0 on input line 307.
Package textcomp Info: Setting txr sub-encoding to TS1/0 on input line 308.
Package textcomp Info: Setting txss sub-encoding to TS1/0 on input line 309.
Package textcomp Info: Setting txtt sub-encoding to TS1/0 on input line 310.
Package textcomp Info: Setting futs sub-encoding to TS1/4 on input line 311.
Package textcomp Info: Setting futx sub-encoding to TS1/4 on input line 312.
Package textcomp Info: Setting futj sub-encoding to TS1/4 on input line 313.
Package textcomp Info: Setting hlh sub-encoding to TS1/3 on input line 314.
Package textcomp Info: Setting hls sub-encoding to TS1/3 on input line 315.
Package textcomp Info: Setting hlst sub-encoding to TS1/3 on input line 316.
Package textcomp Info: Setting hlct sub-encoding to TS1/5 on input line 317.
Package textcomp Info: Setting hlx sub-encoding to TS1/5 on input line 318.
Package textcomp Info: Setting hlce sub-encoding to TS1/5 on input line 319.
Package textcomp Info: Setting hlcn sub-encoding to TS1/5 on input line 320.
Package textcomp Info: Setting hlcw sub-encoding to TS1/5 on input line 321.
Package textcomp Info: Setting hlcf sub-encoding to TS1/5 on input line 322.
Package textcomp Info: Setting pplx sub-encoding to TS1/3 on input line 323.
Package textcomp Info: Setting pplj sub-encoding to TS1/3 on input line 324.
Package textcomp Info: Setting ptmx sub-encoding to TS1/4 on input line 325.
Package textcomp Info: Setting ptmj sub-encoding to TS1/4 on input line 326.
)
(/usr/share/texmf/tex/latex/tools/calc.sty
Package: calc 2005/08/06 v4.2 Infix arithmetic (KKT,FJ)
\calc@Acount=\count109
\calc@Bcount=\count110
\calc@Adimen=\dimen117
\calc@Bdimen=\dimen118
\calc@Askip=\skip54
\calc@Bskip=\skip55
LaTeX Info: Redefining \setlength on input line 75.
LaTeX Info: Redefining \addtolength on input line 76.
\calc@Ccount=\count111
\calc@Cskip=\skip56
)
(/usr/share/texmf/tex/latex/mh/mathtools.sty
Package: mathtools 2004/10/10 v1.01a mathematical typesetting tools (MH)

(/usr/share/texmf/tex/latex/mh/mhsetup.sty
Package: mhsetup 2004/10/10 v1.0b programming setup (MH)
)
\g_MT_multlinerow_int=\count112
\l_MT_multwidth_dim=\dimen119
)
(/usr/share/texmf/tex/latex/marvosym/marvosym.sty
Package: marvosym 2006/05/11 v2.1 Martin Vogel's Symbols font definitions
)
(/usr/share/texmf/tex/latex/lipsum/lipsum.sty
Package: lipsum 2005/01/26 v1.0 150 paragraphs of Lorem Ipsum dummy text
File: lipsum.dtx 2005/01/26 v1.0 150 paragraphs of Lorem Ipsum dummy text
\c@lips@count=\count113
)
(/usr/share/texmf/tex/latex/pdfpages/pdfpages.sty
Package: pdfpages 2006/08/12 v0.4a Insert pages of external PDF documents (AM)

(/usr/share/texmf/tex/latex/base/ifthen.sty
Package: ifthen 2001/05/26 v1.1c Standard LaTeX ifthen package (DPC)
)
(/usr/share/texmf/tex/latex/eso-pic/eso-pic.sty
Package: eso-pic 2006/07/14 v1.1d eso-pic (RN)

(/usr/share/texmf/tex/latex/everyshi/everyshi.sty
Package: everyshi 2001/05/15 v3.00 EveryShipout Package (MS)
))
(/usr/share/texmf/tex/latex/pdfpages/pppdftex.def
File: pppdftex.def 2006/08/12 v0.4a Pdfpages driver for pdfTeX (AM)
)
\AM@pagebox=\box28
\AM@toc@title=\toks22
\c@AM@survey=\count114
)
(/usr/share/texmf/tex/latex/caption/caption.sty
Package: caption 2007/01/07 v3.0k Customising captions (AR)

(/usr/share/texmf/tex/latex/caption/caption3.sty
Package: caption3 2007/01/07 v3.0k caption3 kernel (AR)
\captionmargin=\dimen120
\captionmarginx=\dimen121
\captionwidth=\dimen122
\captionindent=\dimen123
\captionparindent=\dimen124
\captionhangindent=\dimen125
))
(/usr/share/texmf/tex/latex/titlesec/titlesec.sty
Package: titlesec 2005/01/22 v2.6 Sectioning titles
\ttl@box=\box29
\beforetitleunit=\skip57
\aftertitleunit=\skip58
\ttl@plus=\dimen126
\ttl@minus=\dimen127
\titlewidth=\dimen128
\titlewidthlast=\dimen129
\titlewidthfirst=\dimen130
)
(/usr/share/texmf/tex/latex/tools/afterpage.sty
Package: afterpage 1995/10/27 v1.08 After-Page Package (DPC)
\AP@output=\toks23
\AP@partial=\box30
\AP@footins=\box31
)
(/usr/share/texmf/tex/latex/eepic/eepic.sty
Extension to Epic and LaTeX. Version 1.1e - Released Dec 21, 1999
\@gphlinewidth=\count115
\@eepictcnt=\count116
\@tempdimc=\dimen131
\maxovaldiam=\dimen132
\@filltype=\box32
) (/usr/share/texmf/tex/latex/eepic/epic.sty
Enhancements to Picture Environment. Version 1.2 - Released June 1, 1986
\@@multicnt=\count117
\d@lta=\count118
\@delta=\dimen133
\@@delta=\dimen134
\@gridcnt=\count119
\@joinkind=\count120
\@dotgap=\dimen135
\@ddotgap=\dimen136
\@x@diff=\count121
\@y@diff=\count122
\x@diff=\dimen137
\y@diff=\dimen138
\@dotbox=\box33
\num@segments=\count123
\num@segmentsi=\count124
\@datafile=\read1
) (/usr/share/texmf/tex/latex/rotating/rotating.sty
Package: rotating 1997/09/26, v2.13 Rotation package
\c@r@tfl@t=\count125
\rot@float@box=\box34
)
(/usr/share/texmf/tex/latex/tools/longtable.sty
Package: longtable 2004/02/01 v4.11 Multi-page Table package (DPC)
\LTleft=\skip59
\LTright=\skip60
\LTpre=\skip61
\LTpost=\skip62
\LTchunksize=\count126
\LTcapwidth=\dimen139
\LT@head=\box35
\LT@firsthead=\box36
\LT@foot=\box37
\LT@lastfoot=\box38
\LT@cols=\count127
\LT@rows=\count128
\c@LT@tables=\count129
\c@LT@chunks=\count130
\LT@p@ftn=\toks24
)
(/usr/share/texmf/tex/latex/multirow/multirow.sty
\bigstrutjot=\dimen140
) (./thesislayout.sty)
(/usr/share/texmf/tex/latex/algorithms/algorithm.sty
Package: algorithm 

Document Style `algorithm' - floating environment
(/usr/share/texmf/tex/latex/float/float.sty
Package: float 2001/11/08 v1.3d Float enhancements (AL)
\c@float@type=\count131
\float@exts=\toks25
\float@box=\box39
\@float@everytoks=\toks26
\@floatcapt=\box40
)
\@float@every@algorithm=\toks27
\c@algorithm=\count132
)
(/usr/share/texmf/tex/latex/algorithms/algorithmic.sty
Package: algorithmic 2006/06/02

Document Style `algorithmic' - environment
\c@ALC@line=\count133
\c@ALC@rem=\count134
\c@ALC@depth=\count135
\ALC@tlm=\skip63
\algorithmicindent=\skip64
) (/usr/share/texmf/tex/latex/pstricks/pstricks.sty
Package: pstricks 2006/08/10 v0.32 LaTeX wrapper for `PSTricks' (RN,HV)

(/usr/share/texmf/tex/generic/pstricks/pstricks.tex
`PSTricks' v1.15  <2006/12/22> (tvz)
\pst@dima=\dimen141
\pst@dimb=\dimen142
\pst@dimc=\dimen143
\pst@dimd=\dimen144
\pst@dimg=\dimen145
\pst@dimh=\dimen146
\pst@hbox=\box41
\pst@boxg=\box42
\pst@cnta=\count136
\pst@cntb=\count137
\pst@cntc=\count138
\pst@cntd=\count139
\pst@cntg=\count140
\pst@cnth=\count141
\pst@toks=\toks28
(/usr/share/texmf/tex/generic/pstricks/pstricks.con)
\psunit=\dimen147
\psxunit=\dimen148
\psyunit=\dimen149
\pslinewidth=\dimen150
\pst@customdefs=\toks29
\pslinearc=\dimen151
\everypsbox=\toks30
\psframesep=\dimen152
\pslabelsep=\dimen153
\psk@shift=\dimen154
\pst@shift=\dimen155
\theoverlaybox=\box43
)
File: pstricks.tex 2006/12/22 v1.15 `PSTricks' (tvz)

(/usr/share/texmf/tex/latex/xcolor/xcolor.sty
Package: xcolor 2007/01/21 v2.11 LaTeX color extensions (UK)

(/usr/share/texmf/tex/latex/config/color.cfg
File: color.cfg 2007/01/18 v1.5 color configuration of teTeX/TeXLive
)
Package xcolor Info: Package option `override' ignored on input line 216.
Package xcolor Info: Driver file: pdftex.def on input line 225.
Package xcolor Info: Model `cmy' substituted by `cmy0' on input line 1337.
Package xcolor Info: Model `hsb' substituted by `rgb' on input line 1341.
Package xcolor Info: Model `RGB' extended on input line 1353.
Package xcolor Info: Model `HTML' substituted by `rgb' on input line 1355.
Package xcolor Info: Model `Hsb' substituted by `hsb' on input line 1356.
Package xcolor Info: Model `tHsb' substituted by `hsb' on input line 1357.
Package xcolor Info: Model `HSB' substituted by `hsb' on input line 1358.
Package xcolor Info: Model `Gray' substituted by `gray' on input line 1359.
Package xcolor Info: Model `wave' substituted by `hsb' on input line 1360.
))
(/usr/share/texmf/tex/latex/colortbl/colortbl.sty
Package: colortbl 2001/02/13 v0.1j Color table columns (DPC)

(/usr/share/texmf/tex/latex/tools/array.sty
Package: array 2005/08/23 v2.4b Tabular extension package (FMi)
\col@sep=\dimen156
\extrarowheight=\dimen157
\NC@list=\toks31
\extratabsurround=\skip65
\backup@length=\skip66
)
\everycr=\toks32
\minrowclearance=\skip67
)
(/usr/share/texmf/tex/latex/booktabs/booktabs.sty
Package: booktabs 2005/03/16 v1.6180 publication quality tables
\heavyrulewidth=\dimen158
\lightrulewidth=\dimen159
\cmidrulewidth=\dimen160
\belowrulesep=\dimen161
\belowbottomsep=\dimen162
\aboverulesep=\dimen163
\abovetopsep=\dimen164
\cmidrulesep=\dimen165
\cmidrulekern=\dimen166
\defaultaddspace=\dimen167
\@cmidla=\count142
\@cmidlb=\count143
\@aboverulesep=\dimen168
\@belowrulesep=\dimen169
\@thisruleclass=\count144
\@lastruleclass=\count145
\@thisrulewidth=\dimen170
)
(/usr/share/texmf/tex/latex/html/url.sty
Package: url 1999/03/02  ver 1.4  Verb mode for urls, email addresses, and file
 names
)
(/usr/share/texmf/tex/latex/hyperref/hyperref.sty
Package: hyperref 2007/02/07 v6.75r Hypertext links for LaTeX
\@linkdim=\dimen171
\Hy@linkcounter=\count146
\Hy@pagecounter=\count147

(/usr/share/texmf/tex/latex/hyperref/pd1enc.def
File: pd1enc.def 2007/02/07 v6.75r Hyperref: PDFDocEncoding definition (HO)
)
(/usr/share/texmf/tex/latex/config/hyperref.cfg
File: hyperref.cfg 2002/06/06 v1.2 hyperref configuration of TeXLive
)
(/usr/share/texmf/tex/latex/oberdiek/kvoptions.sty
Package: kvoptions 2006/08/22 v2.4 Connects package keyval with LaTeX options (
HO)
)
Package hyperref Info: Option `colorlinks' set `true' on input line 2238.
Package hyperref Info: Option `linktocpage' set `true' on input line 2238.
Package hyperref Info: Hyper figures OFF on input line 2288.
Package hyperref Info: Link nesting OFF on input line 2293.
Package hyperref Info: Hyper index ON on input line 2296.
Package hyperref Info: Plain pages OFF on input line 2303.
Package hyperref Info: Backreferencing OFF on input line 2308.

Implicit mode ON; LaTeX internals redefined
Package hyperref Info: Bookmarks ON on input line 2444.
LaTeX Info: Redefining \url on input line 2599.
\Fld@menulength=\count148
\Field@Width=\dimen172
\Fld@charsize=\dimen173
\Choice@toks=\toks33
\Field@toks=\toks34
Package hyperref Info: Hyper figures OFF on input line 3102.
Package hyperref Info: Link nesting OFF on input line 3107.
Package hyperref Info: Hyper index ON on input line 3110.
Package hyperref Info: backreferencing OFF on input line 3117.
Package hyperref Info: Link coloring ON on input line 3120.
\Hy@abspage=\count149
\c@Item=\count150
\c@Hfootnote=\count151
)
*hyperref using default driver hpdftex*
(/usr/share/texmf/tex/latex/hyperref/hpdftex.def
File: hpdftex.def 2007/02/07 v6.75r Hyperref driver for pdfTeX
\Fld@listcount=\count152
)
(/usr/share/texmf/tex/latex/geometry/geometry.sty
Package: geometry 2002/07/08 v3.2 Page Geometry
\Gm@cnth=\count153
\Gm@cntv=\count154
\c@Gm@tempcnt=\count155
\Gm@bindingoffset=\dimen174
\Gm@wd@mp=\dimen175
\Gm@odd@mp=\dimen176
\Gm@even@mp=\dimen177
\Gm@dimlist=\toks35

(/usr/share/texmf/tex/xelatex/xetexconfig/geometry.cfg))
Package hyperref Info: Option `colorlinks' set `true' on input line 113.
 (./TLMPlugin.aux)
\openout1 = `TLMPlugin.aux'.

LaTeX Font Info:    Checking defaults for OML/cmm/m/it on input line 119.
LaTeX Font Info:    ... okay on input line 119.
LaTeX Font Info:    Checking defaults for T1/cmr/m/n on input line 119.
LaTeX Font Info:    ... okay on input line 119.
LaTeX Font Info:    Checking defaults for OT1/cmr/m/n on input line 119.
LaTeX Font Info:    ... okay on input line 119.
LaTeX Font Info:    Checking defaults for OMS/cmsy/m/n on input line 119.
LaTeX Font Info:    ... okay on input line 119.
LaTeX Font Info:    Checking defaults for OMX/cmex/m/n on input line 119.
LaTeX Font Info:    ... okay on input line 119.
LaTeX Font Info:    Checking defaults for U/cmr/m/n on input line 119.
LaTeX Font Info:    ... okay on input line 119.
LaTeX Font Info:    Checking defaults for TS1/cmr/m/n on input line 119.
LaTeX Font Info:    Try loading font information for TS1+cmr on input line 119.


(/usr/share/texmf/tex/latex/base/ts1cmr.fd
File: ts1cmr.fd 1999/05/25 v2.5h Standard LaTeX font definitions
)
LaTeX Font Info:    ... okay on input line 119.
LaTeX Font Info:    Checking defaults for PD1/pdf/m/n on input line 119.
LaTeX Font Info:    ... okay on input line 119.

(/usr/share/texmf/tex/context/base/supp-pdf.tex
[Loading MPS to PDF converter (version 2006.09.02).]
\scratchcounter=\count156
\scratchdimen=\dimen178
\scratchbox=\box44
\nofMPsegments=\count157
\nofMParguments=\count158
\MPscratchCnt=\count159
\MPscratchDim=\dimen179
\MPnumerator=\count160
\everyMPtoPDFconversion=\toks36
) ABD: EveryShipout initializing macros
(/usr/share/texmf/tex/latex/ragged2e/ragged2e.sty
Package: ragged2e 2003/03/25 v2.04 ragged2e Package (MS)

(/usr/share/texmf/tex/latex/everysel/everysel.sty
Package: everysel 1999/06/08 v1.03 EverySelectfont Package (MS)
LaTeX Info: Redefining \selectfont on input line 125.
)
\CenteringLeftskip=\skip68
\RaggedLeftLeftskip=\skip69
\RaggedRightLeftskip=\skip70
\CenteringRightskip=\skip71
\RaggedLeftRightskip=\skip72
\RaggedRightRightskip=\skip73
\CenteringParfillskip=\skip74
\RaggedLeftParfillskip=\skip75
\RaggedRightParfillskip=\skip76
\JustifyingParfillskip=\skip77
\CenteringParindent=\skip78
\RaggedLeftParindent=\skip79
\RaggedRightParindent=\skip80
\JustifyingParindent=\skip81
)
Package caption Info: float package v1.3 (or newer) detected on input line 119.

Package caption Info: hyperref package v6.74m (or newer) detected on input line
 119.
Package caption Info: longtable package v3.15 (or newer) detected on input line
 119.
Package caption Info: rotating package v2.0 (or newer) detected on input line 1
19.
Package hyperref Info: Link coloring ON on input line 119.

(/usr/share/texmf/tex/latex/hyperref/nameref.sty
Package: nameref 2006/12/27 v2.28 Cross-referencing by name of section

(/usr/share/texmf/tex/latex/oberdiek/refcount.sty
Package: refcount 2006/02/20 v3.0 Data extraction from references (HO)
)
\c@section@level=\count161
)
LaTeX Info: Redefining \ref on input line 119.
LaTeX Info: Redefining \pageref on input line 119.
 (./TLMPlugin.out)
(./TLMPlugin.out)
\@outlinefile=\write3
\openout3 = `TLMPlugin.out'.

-------------------- Geometry parameters
paper: a4paper
landscape: --
twocolumn: --
twoside: true
asymmetric: --
h-parts: 105.2751pt, 386.95767pt, 105.2751pt
v-parts: 99.58464pt, 645.87756pt, 99.58464pt
hmarginratio: --
vmarginratio: --
lines: --
heightrounded: --
bindingoffset: 0.0pt
truedimen: --
includehead: --
includefoot: --
includemp: --
driver: pdftex
-------------------- Page layout dimensions and switches
\paperwidth  597.50787pt
\paperheight 845.04684pt
\textwidth  386.95767pt
\textheight 645.87756pt
\oddsidemargin  33.00511pt
\evensidemargin 33.00511pt
\topmargin  -52.35304pt
\headheight 54.06023pt
\headsep    25.60747pt
\footskip   27.46295pt
\marginparwidth 106.0pt
\marginparsep   7.0pt
\columnsep  10.0pt
\skip\footins  10.0pt plus 4.0pt minus 2.0pt
\hoffset 0.0pt
\voffset 0.0pt
\mag 1000
\@twosidetrue \@mparswitchtrue 
(1in=72.27pt, 1cm=28.45pt)
-----------------------
 <figs/skf_logo.jpg, id=139, 290.5254pt x 148.27396pt>
File: figs/skf_logo.jpg Graphic file (type jpg)

<use figs/skf_logo.jpg>

LaTeX Font Warning: Font shape `OT1/cmss/m/it' in size <10.95> not available
(Font)              Font shape `OT1/cmss/m/sl' tried instead on input line 123.



LaTeX Font Warning: Font shape `OT1/cmss/m/it' in size <14.4> not available
(Font)              Font shape `OT1/cmss/m/sl' tried instead on input line 123.


LaTeX Font Info:    Try loading font information for U+msa on input line 123.
(/usr/share/texmf/tex/latex/amsfonts/umsa.fd
File: umsa.fd 2002/01/19 v2.2g AMS font definitions
)
LaTeX Font Info:    Try loading font information for U+msb on input line 123.

(/usr/share/texmf/tex/latex/amsfonts/umsb.fd
File: umsb.fd 2002/01/19 v2.2g AMS font definitions
)
LaTeX Font Info:    Try loading font information for U+lasy on input line 123.

(/usr/share/texmf/tex/latex/base/ulasy.fd
File: ulasy.fd 1998/08/17 v2.2e LaTeX symbol font definitions
)
Overfull \hbox (53.83366pt too wide) in paragraph at lines 123--123
[][] 
 []

[1
Non-PDF special ignored!
Non-PDF special ignored!



{/var/lib/texmf/fonts/map/pdftex/updmap/pdftex.map} <./figs/skf_logo.jpg>] [2

] (./TLMPlugin.lof [3])
\tf@lof=\write4
\openout4 = `TLMPlugin.lof'.

 [4] (./TLMPlugin.toc [1


])
\tf@toc=\write5
\openout5 = `TLMPlugin.toc'.


(./TLMCoSim.tex [2]
Chapter 1.
[3

] [4] [5] [6]
Overfull \hbox (12.54807pt too wide) in paragraph at lines 292--292
[]                       \OT1/cmtt/m/n/8 "-L/c/OpenModelica/sources/TLMPlugin/M
odelica/WINDOWS32"); >> %MOSFILE%[] 
 []

[7] <figs/MetaModelSysDesign2.pdf, id=296, 650.43pt x 247.92625pt>
File: figs/MetaModelSysDesign2.pdf Graphic file (type pdf)

<use figs/MetaModelSysDesign2.pdf>
<figs/TLM_system.pdf, id=298, 382.42876pt x 367.3725pt>
File: figs/TLM_system.pdf Graphic file (type pdf)

<use figs/TLM_system.pdf>
Overfull \hbox (25.86382pt too wide) in paragraph at lines 384--385
[]\OT1/cmr/m/n/10.95 is the top Meta-Model node that con-tains a list of \OT1/c
mtt/m/n/10.95 SubModels \OT1/cmr/m/n/10.95 and \OT1/cmtt/m/n/10.95 Connections\
OT1/cmr/m/n/10.95 . 
 []

[8 <./figs/MetaModelSysDesign2.pdf>] [9 <./figs/TLM_system.pdf>])
(./TLM_background.tex [10]
Chapter 2.
<figs/TLMline.png, id=328, 1121.18875pt x 318.18875pt>
File: figs/TLMline.png Graphic file (type png)
 <use figs/TLMline.png>
[11

 <./figs/TLMline.png (PNG copy)>]
<figs/RotStiff.png, id=344, 440.64626pt x 290.08376pt>
File: figs/RotStiff.png Graphic file (type png)
 <use figs/RotStiff.png>
[12 <./figs/RotStiff.png (PNG copy)>]) (./TLMDesign.tex [13] [14

]
Chapter 3.
<figs/classMetaModelReader__coll__graph.png, id=381, 256.96pt x 1084.05pt>
File: figs/classMetaModelReader__coll__graph.png Graphic file (type png)

<use figs/classMetaModelReader__coll__graph.png> [15]
<figs/classManagerCommHandler__coll__graph.png, id=387, 746.79pt x 1378.14874pt
>
File: figs/classManagerCommHandler__coll__graph.png Graphic file (type png)
 <use figs/classManagerCommHandler__coll__graph.png>

Package hyperref Warning: Difference (2) between bookmark levels is greater 
(hyperref)                than one, level fixed on input line 116.


Overfull \hbox (31.21687pt too wide) in paragraph at lines 122--127
[]\OT1/cmr/m/n/10.95 First the com-po-nents are started us-ing \OT1/cmtt/m/n/10
.95 TLMComponentProxy::StartComponent(...)\OT1/cmr/m/n/10.95 .
 []

[16]
Overfull \hbox (16.83157pt too wide) in paragraph at lines 149--152
\OT1/cmr/m/n/10.95 run-ning on and the port num-ber that it is us-ing. For in-s
tance \OT1/cmr/m/it/10.95 163.157.1.23:1111\OT1/cmr/m/n/10.95 . 
 []


Overfull \hbox (64.78535pt too wide) in paragraph at lines 157--161
\OT1/cmr/m/n/10.95 have reg-is-tered them-selves. This is per-formed in \OT1/cm
r/m/it/10.95 Man-ager-CommHan-dler::RunStartupProtocol()\OT1/cmr/m/n/10.95 .
 []


Overfull \hbox (42.2985pt too wide) in paragraph at lines 226--226
[]                \OT1/cmtt/m/n/8 TLMErrorLog::Log(string("Component ") + comp.
GetName() + " is ready to simulation");;[] 
 []


Overfull \hbox (29.54831pt too wide) in paragraph at lines 226--226
[]                \OT1/cmtt/m/n/8 TLMErrorLog::Log(string("Component ") + comp.
GetName() + " registers interface");;[] 
 []

[17]
Overfull \hbox (15.17253pt too wide) in paragraph at lines 234--235
[]\OT1/cmr/m/n/10.95 An ex-ter-nal model send a TLMMes-sageType-Const::TLM[]REG
[]COMPONENT
 []


Overfull \hbox (10.01076pt too wide) in paragraph at lines 236--237
[]\OT1/cmr/m/n/10.95 The ex-ter-nal model send an in-ter-face reg-is-tra-tion m
es-sage (TLMMes-sageType-
 []


Overfull \hbox (39.33864pt too wide) in paragraph at lines 242--245
[]\OT1/cmr/m/n/10.95 Finally the ex-ter-nal model sends a TLMMes-sageType-Const
::TLM[]CHECK[]MODEL
 []

) (./Impl_Simulink.tex [18] [19 <./figs/classMetaModelReader__coll__graph.png>]
[20 <./figs/classManagerCommHandler__coll__graph.png>]
Chapter 4.

Overfull \hbox (0.67287pt too wide) in paragraph at lines 3--5
\OT1/cmr/m/n/10.95 The Mat-lab/Simulink TLM-Plu-gin im-ple-men-ta-tion is based
 on a Mat-lab S-function
 []

[21

] [22] [23]) (./Impl_Adams.tex [24]
Chapter 5.

Overfull \hbox (63.5488pt too wide) in paragraph at lines 59--59
[]\OT1/cmtt/m/n/8 // nPar - number of parameters - should be 1 or 2. If second 
parameter exists, there will be debug output.[] 
 []


Overfull \hbox (55.04868pt too wide) in paragraph at lines 59--59
[]\OT1/cmtt/m/n/8 VOID_FUNCTION GFOSUB(int *id, REAL *time, REAL *par, int *nPa
r, BOOL *dflag, BOOL *iflag, REAL *result){[] 
 []

[25

] [26] [27]) (./Impl_BEAST.tex [28]
Chapter 6.
[29

]
Overfull \hbox (17.59737pt too wide) in paragraph at lines 96--101
\OT1/cmr/m/n/10.95 prepa-ra-tion of the force eval-u-a-tion. This is done in \O
T1/cmr/m/it/10.95 TLMTie::ComputeMasterBefore()\OT1/cmr/m/n/10.95 : 
 []

[30]
Overfull \hbox (1.48143pt too wide) in paragraph at lines 172--178
[]\OT1/cmr/m/n/10.95 Note, that in a par-al-lel BEAST sim-u-la-tion \OT1/cmr/m/
it/10.95 TLMTie::calcChildForceMoment(...)
 []


Overfull \hbox (59.29874pt too wide) in paragraph at lines 207--207
[]    \OT1/cmtt/m/n/8 // Set the data - send out the force used in this Evaluat
e the data needed for the current time step.[] 
 []

[31]) (./Impl_Modelica.tex [32]
Chapter 7.
<./figs/TLMModelicaLib.png, id=469, 149.05687pt x 265.74281pt>
File: ./figs/TLMModelicaLib.png Graphic file (type png)

<use ./figs/TLMModelicaLib.png>
Underfull \hbox (badness 10000) in paragraph at lines 6--7

 []

<./figs/TLMModelicaCode.png, id=471, 431.36156pt x 496.10344pt>
File: ./figs/TLMModelicaCode.png Graphic file (type png)

<use ./figs/TLMModelicaCode.png> [33

 <./figs/TLMModelicaLib.png>] [34 <./figs/TLMModelicaCode.png>]
<./figs/ModelicaTLMFlowDiagram.pdf, id=485, 597.23125pt x 845.1575pt>
File: ./figs/ModelicaTLMFlowDiagram.pdf Graphic file (type pdf)

<use ./figs/ModelicaTLMFlowDiagram.pdf>) (./MM_Adams.tex [35] [36 <./figs/Model
icaTLMFlowDiagram.pdf

pdfTeX warning: pdflatex (file ./figs/ModelicaTLMFlowDiagram.pdf): PDF inclusio
n: Page Group detected which pdfTeX can't handle. Ignoring it.
>]
Chapter 8.

Overfull \hbox (3.06561pt too wide) in paragraph at lines 8--17
\OT1/cmr/m/n/10.95 (adm file) needs to be gen-er-ated. Be-fore you can ex-port 
the file from ADAMS/View
 []


LaTeX Warning: `h' float specifier changed to `ht'.

<figs/JointDeact.png, id=515, 450.68375pt x 226.8475pt>
File: figs/JointDeact.png Graphic file (type png)

<use figs/JointDeact.png>

LaTeX Warning: `h' float specifier changed to `ht'.

<figs/TLMRefMarker.png, id=517, 753.81625pt x 873.2625pt>
File: figs/TLMRefMarker.png Graphic file (type png)

<use figs/TLMRefMarker.png>

LaTeX Warning: `h' float specifier changed to `ht'.

<figs/TLMGFOShaft.png, id=520, 752.8125pt x 870.25125pt>
File: figs/TLMGFOShaft.png Graphic file (type png)

<use figs/TLMGFOShaft.png>

LaTeX Warning: `h' float specifier changed to `ht'.

<figs/TLMGFOHousing.png, id=521, 806.01125pt x 867.24pt>
File: figs/TLMGFOHousing.png Graphic file (type png)

<use figs/TLMGFOHousing.png> [37

]
<figs/TLMExportADM.png, id=527, 765.86125pt x 859.21pt>
File: figs/TLMExportADM.png Graphic file (type png)

<use figs/TLMExportADM.png>

LaTeX Warning: `h' float specifier changed to `ht'.

[38] [39 <./figs/JointDeact.png (PNG copy)>] [40 <./figs/TLMRefMarker.png (PNG 
copy)>] [41 <./figs/TLMGFOShaft.png (PNG copy)>] [42 <./figs/TLMGFOHousing.png 
(PNG copy)>] [43 <./figs/TLMExportADM.png (PNG copy)>]

LaTeX Warning: `h' float specifier changed to `ht'.

) (./MM_Simulink.tex [44

] [45] [46

]
Chapter 9.
<figs/TLMLib.png, id=571, 801.99625pt x 978.65625pt>
File: figs/TLMLib.png Graphic file (type png)
 <use figs/TLMLib.png>
[47 <./figs/TLMLib.png (PNG copy)>]
<figs/Shafts.png, id=577, 753.0534pt x 265.9536pt>
File: figs/Shafts.png Graphic file (type png)
 <use figs/Shafts.png>
<figs/SimulinkcGShaft.png, id=581, 711.8595pt x 291.2481pt>
File: figs/SimulinkcGShaft.png Graphic file (type png)

<use figs/SimulinkcGShaft.png>
<figs/SimulinkShaft.png, id=582, 711.8595pt x 358.4592pt>
File: figs/SimulinkShaft.png Graphic file (type png)

<use figs/SimulinkShaft.png> [48 <./figs/Shafts.png (PNG copy)>]
<figs/S1S2_M.pdf, id=591, 845.1575pt x 597.23125pt>
File: figs/S1S2_M.pdf Graphic file (type pdf)
 <use figs/S1S2_M.pdf>
<figs/S2S3_M.pdf, id=592, 845.1575pt x 597.23125pt>
File: figs/S2S3_M.pdf Graphic file (type pdf)
 <use figs/S2S3_M.pdf>
[49 <./figs/SimulinkcGShaft.png (PNG copy)> <./figs/SimulinkShaft.png (PNG copy
)> <./figs/S1S2_M.pdf, page is rotated 90 degrees> <./figs/S2S3_M.pdf, page is 
rotated 90 degrees>]
LaTeX Font Info:    Try loading font information for TS1+cmtt on input line 148
.
 (/usr/share/texmf/tex/latex/base/ts1cmtt.fd
File: ts1cmtt.fd 1999/05/25 v2.5h Standard LaTeX font definitions
)
Overfull \hbox (19.65308pt too wide) in paragraph at lines 147--152
\OT1/cmr/m/n/10.95 Function mex and the TLM-Lib.mdl files are placed in the \TS
1/cmtt/m/n/10.95 $\OT1/cmtt/m/n/10.95 BEAST/bin/\TS1/cmtt/m/n/10.95 $\OT1/cmtt/
m/n/10.95 ABI/Simulink
 []

[50]
Overfull \hbox (3.9531pt too wide) in paragraph at lines 207--207
[]\OT1/cmtt/m/n/10.95 echo Writing component name $1 and server name $5 to file
 tlm.config[] 
 []

[51]) (./MM_Beast.tex [52]
Chapter 10.
[53

]) (./MM_Modelica.tex [54]
Chapter 11.

Package hyperref Warning: Difference (2) between bookmark levels is greater 
(hyperref)                than one, level fixed on input line 5.

LaTeX Font Info:    Try loading font information for OMS+cmr on input line 20.
(/usr/share/texmf/tex/latex/base/omscmr.fd
File: omscmr.fd 1999/05/25 v2.5h Standard LaTeX font definitions
)
LaTeX Font Info:    Font shape `OMS/cmr/m/it' in size <10.95> not available
(Font)              Font shape `OMS/cmsy/m/n' tried instead on input line 20.
 [55

]
<./figs/path.png, id=662, 153.57375pt x 62.48344pt>
File: ./figs/path.png Graphic file (type png)
 <use ./figs/path.png>
<./figs/doublePendulum.png, id=663, 450.9347pt x 156.585pt>
File: ./figs/doublePendulum.png Graphic file (type png)

<use ./figs/doublePendulum.png>
<./figs/doublePendulum1.png, id=664, 457.71pt x 148.30406pt>
File: ./figs/doublePendulum1.png Graphic file (type png)

<use ./figs/doublePendulum1.png>
Underfull \hbox (badness 10000) in paragraph at lines 43--44

 []


Underfull \hbox (badness 10000) in paragraph at lines 43--44

 []


Underfull \hbox (badness 10000) in paragraph at lines 43--44

 []

[56 <./figs/path.png> <./figs/doublePendulum.png (PNG copy)>]
<./figs/doublePendulum2.png, id=672, 419.31656pt x 162.6075pt>
File: ./figs/doublePendulum2.png Graphic file (type png)

<use ./figs/doublePendulum2.png>
Underfull \hbox (badness 10000) in paragraph at lines 47--48

 []


Underfull \hbox (badness 10000) in paragraph at lines 47--48

 []


Underfull \hbox (badness 10000) in paragraph at lines 47--48

 []


Underfull \hbox (badness 10000) in paragraph at lines 47--48

 []

<./figs/xml.png, id=673, 442.65375pt x 542.025pt>
File: ./figs/xml.png Graphic file (type png)
 <use ./figs/xml.png>
Underfull \hbox (badness 10000) in paragraph at lines 50--52

 []

[57 <./figs/doublePendulum1.png (PNG copy)> <./figs/doublePendulum2.png (PNG co
py)>] [58 <./figs/xml.png>]
Underfull \hbox (badness 10000) in paragraph at lines 65--66

 []


Overfull \hbox (73.33818pt too wide) in paragraph at lines 73--74
[]\OT1/cmr/m/n/10.95 Go to your meta-model folder, e.i. \OT1/cmr/m/it/10.95 cd 
/TLM-Plu-gin/MetaModels/OmcOmcDoublePendulum/ 
 []

<./figs/doublePendulumResults.png, id=685, 1178.90437pt x 468.24937pt>
File: ./figs/doublePendulumResults.png Graphic file (type png)

<use ./figs/doublePendulumResults.png>
Underfull \hbox (badness 10000) in paragraph at lines 77--79

 []


Underfull \hbox (badness 10000) in paragraph at lines 80--82

 []

) (./bibliography.tex [59] [60 <./figs/doublePendulumResults.png (PNG copy)>]
[61

]
Underfull \hbox (badness 10000) in paragraph at lines 156--160
[]\OT1/cmr/m/n/10.95 TNI-Software, \OT1/cmr/m/it/10.95 Cosi-mate co-simulation 
soft-ware\OT1/cmr/m/n/10.95 , http://www.tni-
 []


Underfull \hbox (badness 10000) in paragraph at lines 165--169
[]\OT1/cmr/m/n/10.95 MSC-Software, \OT1/cmr/m/it/10.95 MSC.ADAMS sim-u-la-tion 
soft-ware\OT1/cmr/m/n/10.95 ,
 []

) [62] (./TLMPlugin.aux) ) 
Here is how much of TeX's memory you used:
 9734 strings out of 256216
 131694 string characters out of 1917072
 317585 words of memory out of 1500000
 12542 multiletter control sequences out of 10000+200000
 20336 words of font info for 80 fonts, out of 1200000 for 2000
 645 hyphenation exceptions out of 8191
 35i,9n,48p,815b,492s stack positions out of 5000i,500n,6000p,200000b,15000s
 </home/alex/.texlive2007/texmf-var/fonts/pk/ljfour/j
knappen/ec/tctt1095.600pk> </home/alex/.texlive2007/texmf-var/fonts/pk/ljfour/j
knappen/ec/tcrm1095.600pk></usr/share/texmf/fonts/type1/bluesky/cm/cmbx10.pfb><
/usr/share/texmf/fonts/type1/bluesky/cm/cmbx12.pfb></usr/share/texmf/fonts/type
1/bluesky/cm/cmmi10.pfb></usr/share/texmf/fonts/type1/bluesky/cm/cmmi8.pfb></us
r/share/texmf/fonts/type1/bluesky/cm/cmr10.pfb></usr/share/texmf/fonts/type1/bl
uesky/cm/cmr6.pfb></usr/share/texmf/fonts/type1/bluesky/cm/cmr7.pfb></usr/share
/texmf/fonts/type1/bluesky/cm/cmr8.pfb></usr/share/texmf/fonts/type1/bluesky/cm
/cmr9.pfb></usr/share/texmf/fonts/type1/bluesky/cm/cmsl10.pfb></usr/share/texmf
/fonts/type1/bluesky/cm/cmss12.pfb></usr/share/texmf/fonts/type1/bluesky/cm/cms
sbx10.pfb></usr/share/texmf/fonts/type1/bluesky/cm/cmsy10.pfb></usr/share/texmf
/fonts/type1/bluesky/cm/cmsy8.pfb></usr/share/texmf/fonts/type1/bluesky/cm/cmti
10.pfb></usr/share/texmf/fonts/type1/bluesky/cm/cmtt10.pfb></usr/share/texmf/fo
nts/type1/bluesky/cm/cmtt8.pfb>
Output written on TLMPlugin.pdf (66 pages, 1293152 bytes).
PDF statistics:
 817 PDF objects out of 1000 (max. 8388607)
 184 named destinations out of 1000 (max. 131072)
 416 words of extra memory for PDF output out of 10000 (max. 10000000)

